<?xml version="1.0" encoding="UTF-8"?>
<testsuite name="ru.pravvich.web.vds.VdsControllerTest" tests="7" skipped="0" failures="0" errors="0" timestamp="2018-05-14T14:10:52" hostname="Mac-mini-Pavel.local" time="0.095">
  <properties/>
  <testcase name="whenCallListWithRegDateNullThenReturnData" classname="ru.pravvich.web.vds.VdsControllerTest" time="0.013"/>
  <testcase name="whenCallListWithRegDateNonNullThenReturnData" classname="ru.pravvich.web.vds.VdsControllerTest" time="0.009"/>
  <testcase name="whenUpdatePhoneThenReturnSamePhone" classname="ru.pravvich.web.vds.VdsControllerTest" time="0.009"/>
  <testcase name="whenDelete" classname="ru.pravvich.web.vds.VdsControllerTest" time="0.008"/>
  <testcase name="whenEquals" classname="ru.pravvich.web.vds.VdsControllerTest" time="0.009"/>
  <testcase name="whenSavePhoneThenReturnSamePhone" classname="ru.pravvich.web.vds.VdsControllerTest" time="0.009"/>
  <testcase name="whenCallGetThenThenGotVds" classname="ru.pravvich.web.vds.VdsControllerTest" time="0.009"/>
  <system-out><![CDATA[2018-05-14 17:10:48.016  INFO 8862 --- [    Test worker] .b.t.c.SpringBootTestContextBootstrapper : Neither @ContextConfiguration nor @ContextHierarchy found for test class [ru.pravvich.web.vds.VdsControllerTest], using SpringBootContextLoader
2018-05-14 17:10:48.017  INFO 8862 --- [    Test worker] o.s.t.c.support.AbstractContextLoader    : Could not detect default resource locations for test class [ru.pravvich.web.vds.VdsControllerTest]: no resource found for suffixes {-context.xml, Context.groovy}.
2018-05-14 17:10:48.018  INFO 8862 --- [    Test worker] t.c.s.AnnotationConfigContextLoaderUtils : Could not detect default configuration classes for test class [ru.pravvich.web.vds.VdsControllerTest]: VdsControllerTest does not declare any static, non-private, non-final, nested classes annotated with @Configuration.
2018-05-14 17:10:48.035  INFO 8862 --- [    Test worker] .b.t.c.SpringBootTestContextBootstrapper : Found @SpringBootConfiguration ru.pravvich.Application for test class ru.pravvich.web.vds.VdsControllerTest
2018-05-14 17:10:48.039  INFO 8862 --- [    Test worker] .b.t.c.SpringBootTestContextBootstrapper : Loaded default TestExecutionListener class names from location [META-INF/spring.factories]: [org.springframework.boot.test.autoconfigure.restdocs.RestDocsTestExecutionListener, org.springframework.boot.test.autoconfigure.web.client.MockRestServiceServerResetTestExecutionListener, org.springframework.boot.test.autoconfigure.web.servlet.MockMvcPrintOnlyOnFailureTestExecutionListener, org.springframework.boot.test.autoconfigure.web.servlet.WebDriverTestExecutionListener, org.springframework.boot.test.mock.mockito.MockitoTestExecutionListener, org.springframework.boot.test.mock.mockito.ResetMocksTestExecutionListener, org.springframework.test.context.web.ServletTestExecutionListener, org.springframework.test.context.support.DirtiesContextBeforeModesTestExecutionListener, org.springframework.test.context.support.DependencyInjectionTestExecutionListener, org.springframework.test.context.support.DirtiesContextTestExecutionListener, org.springframework.test.context.transaction.TransactionalTestExecutionListener, org.springframework.test.context.jdbc.SqlScriptsTestExecutionListener]
2018-05-14 17:10:48.043  INFO 8862 --- [    Test worker] .b.t.c.SpringBootTestContextBootstrapper : Using TestExecutionListeners: [org.springframework.test.context.web.ServletTestExecutionListener@386301e9, org.springframework.test.context.support.DirtiesContextBeforeModesTestExecutionListener@6bc6d90a, org.springframework.boot.test.autoconfigure.SpringBootDependencyInjectionTestExecutionListener@4156f49d, org.springframework.test.context.support.DirtiesContextTestExecutionListener@40dcaede, org.springframework.test.context.transaction.TransactionalTestExecutionListener@60908365, org.springframework.test.context.jdbc.SqlScriptsTestExecutionListener@3d4308f4, org.springframework.boot.test.mock.mockito.ResetMocksTestExecutionListener@4b47f1dd, org.springframework.boot.test.autoconfigure.restdocs.RestDocsTestExecutionListener@6e480c35, org.springframework.boot.test.autoconfigure.web.servlet.MockMvcPrintOnlyOnFailureTestExecutionListener@a273132, org.springframework.boot.test.mock.mockito.MockitoTestExecutionListener@2f869c2a, org.springframework.boot.test.autoconfigure.web.client.MockRestServiceServerResetTestExecutionListener@5b3b591e, org.springframework.boot.test.autoconfigure.web.servlet.WebDriverTestExecutionListener@75bccfe8]

  .   ____          _            __ _ _
 /\\ / ___'_ __ _ _(_)_ __  __ _ \ \ \ \
( ( )\___ | '_ | '_| | '_ \/ _` | \ \ \ \
 \\/  ___)| |_)| | | | | || (_| |  ) ) ) )
  '  |____| .__|_| |_|_| |_\__, | / / / /
 =========|_|==============|___/=/_/_/_/
 :: Spring Boot ::        (v1.5.9.RELEASE)

2018-05-14 17:10:48.120  INFO 8862 --- [    Test worker] ru.pravvich.web.vds.VdsControllerTest    : Starting VdsControllerTest on Mac-mini-Pavel.local with PID 8862 (started by pavel in /Users/pavel/GitHub/account-manager-server)
2018-05-14 17:10:48.122  INFO 8862 --- [    Test worker] ru.pravvich.web.vds.VdsControllerTest    : No active profile set, falling back to default profiles: default
2018-05-14 17:10:48.126  INFO 8862 --- [    Test worker] o.s.w.c.s.GenericWebApplicationContext   : Refreshing org.springframework.web.context.support.GenericWebApplicationContext@46dc0538: startup date [Mon May 14 17:10:48 MSK 2018]; root of context hierarchy
2018-05-14 17:10:49.705  INFO 8862 --- [    Test worker] j.LocalContainerEntityManagerFactoryBean : Building JPA container EntityManagerFactory for persistence unit 'default'
2018-05-14 17:10:49.707  INFO 8862 --- [    Test worker] o.hibernate.jpa.internal.util.LogHelper  : HHH000204: Processing PersistenceUnitInfo [
	name: default
	...]
2018-05-14 17:10:49.719  INFO 8862 --- [    Test worker] org.hibernate.dialect.Dialect            : HHH000400: Using dialect: org.hibernate.dialect.PostgreSQLDialect
2018-05-14 17:10:49.868  INFO 8862 --- [    Test worker] o.h.e.j.e.i.LobCreatorBuilderImpl        : HHH000424: Disabling contextual LOB creation as createClob() method threw error : java.lang.reflect.InvocationTargetException
2018-05-14 17:10:49.869  INFO 8862 --- [    Test worker] org.hibernate.type.BasicTypeRegistry     : HHH000270: Type registration [java.util.UUID] overrides previous : org.hibernate.type.UUIDBinaryType@27fe7591
2018-05-14 17:10:50.018  WARN 8862 --- [    Test worker] o.h.j.i.EntityManagerFactoryRegistry     : HHH000436: Entity manager factory name (default) is already registered.  If entity manager will be clustered or passivated, specify a unique value for property 'hibernate.ejb.entitymanager_factory_name'
2018-05-14 17:10:50.019  INFO 8862 --- [    Test worker] j.LocalContainerEntityManagerFactoryBean : Initialized JPA EntityManagerFactory for persistence unit 'default'
2018-05-14 17:10:50.614  INFO 8862 --- [    Test worker] o.h.h.i.QueryTranslatorFactoryInitiator  : HHH000397: Using ASTQueryTranslatorFactory
2018-05-14 17:10:50.976  INFO 8862 --- [    Test worker] o.s.s.web.DefaultSecurityFilterChain     : Creating filter chain: org.springframework.security.web.util.matcher.AnyRequestMatcher@1, [org.springframework.security.web.context.request.async.WebAsyncManagerIntegrationFilter@25d49ab6, org.springframework.security.web.context.SecurityContextPersistenceFilter@7c68b714, org.springframework.security.web.header.HeaderWriterFilter@4f218424, org.springframework.web.filter.CorsFilter@14631478, org.springframework.security.web.authentication.logout.LogoutFilter@6905559e, org.springframework.security.web.authentication.UsernamePasswordAuthenticationFilter@6186e376, org.springframework.security.web.session.ConcurrentSessionFilter@3f34359d, org.springframework.security.web.savedrequest.RequestCacheAwareFilter@3f2b0c19, org.springframework.security.web.servletapi.SecurityContextHolderAwareRequestFilter@77030e3e, org.springframework.security.web.authentication.AnonymousAuthenticationFilter@448bfb7, org.springframework.security.web.session.SessionManagementFilter@260dcdb7, org.springframework.security.web.access.ExceptionTranslationFilter@260cb275, org.springframework.security.web.access.intercept.FilterSecurityInterceptor@1b655c68]
2018-05-14 17:10:51.009  INFO 8862 --- [    Test worker] o.s.s.web.DefaultSecurityFilterChain     : Creating filter chain: org.springframework.boot.actuate.autoconfigure.ManagementWebSecurityAutoConfiguration$LazyEndpointPathRequestMatcher@6e611b7e, [org.springframework.security.web.context.request.async.WebAsyncManagerIntegrationFilter@584d7b57, org.springframework.security.web.context.SecurityContextPersistenceFilter@54b36cf1, org.springframework.security.web.header.HeaderWriterFilter@7a6feaec, org.springframework.web.filter.CorsFilter@291ac1f6, org.springframework.security.web.authentication.logout.LogoutFilter@232b7b1a, org.springframework.security.web.authentication.www.BasicAuthenticationFilter@3ca0c60, org.springframework.security.web.savedrequest.RequestCacheAwareFilter@17066ba0, org.springframework.security.web.servletapi.SecurityContextHolderAwareRequestFilter@123bdb26, org.springframework.security.web.authentication.AnonymousAuthenticationFilter@7ae071b9, org.springframework.security.web.session.SessionManagementFilter@67bac378, org.springframework.security.web.access.ExceptionTranslationFilter@3b2f1b3c, org.springframework.security.web.access.intercept.FilterSecurityInterceptor@2edbefbf]
2018-05-14 17:10:51.363  INFO 8862 --- [    Test worker] s.w.s.m.m.a.RequestMappingHandlerAdapter : Looking for @ControllerAdvice: org.springframework.web.context.support.GenericWebApplicationContext@46dc0538: startup date [Mon May 14 17:10:48 MSK 2018]; root of context hierarchy
2018-05-14 17:10:51.429  INFO 8862 --- [    Test worker] r.pravvich.config.api.RestApiConfig$1$1  : Mapped "{[/rest/phone/get],methods=[GET]}" onto public ru.pravvich.web.phone.PhoneRest ru.pravvich.web.phone.PhoneController.get(int)
2018-05-14 17:10:51.430  INFO 8862 --- [    Test worker] r.pravvich.config.api.RestApiConfig$1$1  : Mapped "{[/rest/phone/update],methods=[POST]}" onto public ru.pravvich.web.phone.PhoneRest ru.pravvich.web.phone.PhoneController.update(ru.pravvich.web.phone.PhoneRest)
2018-05-14 17:10:51.431  INFO 8862 --- [    Test worker] r.pravvich.config.api.RestApiConfig$1$1  : Mapped "{[/rest/phone/delete],methods=[POST]}" onto public void ru.pravvich.web.phone.PhoneController.delete(int)
2018-05-14 17:10:51.432  INFO 8862 --- [    Test worker] r.pravvich.config.api.RestApiConfig$1$1  : Mapped "{[/rest/phone/list],methods=[GET]}" onto public ru.pravvich.web.common.RestList ru.pravvich.web.phone.PhoneController.list(java.lang.Integer,java.lang.Integer,java.lang.Integer,java.lang.String,java.lang.String,java.lang.String,java.lang.String,java.lang.String,java.lang.String,java.lang.Long,java.lang.Long)
2018-05-14 17:10:51.434  INFO 8862 --- [    Test worker] r.pravvich.config.api.RestApiConfig$1$1  : Mapped "{[/rest/phone/save],methods=[POST]}" onto public ru.pravvich.web.phone.PhoneRest ru.pravvich.web.phone.PhoneController.save(ru.pravvich.web.phone.PhoneRest)
2018-05-14 17:10:51.442  INFO 8862 --- [    Test worker] r.pravvich.config.api.RestApiConfig$1$1  : Mapped "{[/rest/social_account/get],methods=[GET]}" onto public ru.pravvich.web.social.SocialAccountRest ru.pravvich.web.social.SocialAccountController.get(int)
2018-05-14 17:10:51.442  INFO 8862 --- [    Test worker] r.pravvich.config.api.RestApiConfig$1$1  : Mapped "{[/rest/social_account/update],methods=[POST]}" onto public ru.pravvich.web.social.SocialAccountRest ru.pravvich.web.social.SocialAccountController.update(ru.pravvich.web.social.SocialAccountRest)
2018-05-14 17:10:51.443  INFO 8862 --- [    Test worker] r.pravvich.config.api.RestApiConfig$1$1  : Mapped "{[/rest/social_account/delete],methods=[POST]}" onto public void ru.pravvich.web.social.SocialAccountController.delete(int)
2018-05-14 17:10:51.444  INFO 8862 --- [    Test worker] r.pravvich.config.api.RestApiConfig$1$1  : Mapped "{[/rest/social_account/list],methods=[GET]}" onto public ru.pravvich.web.common.RestList ru.pravvich.web.social.SocialAccountController.list(java.lang.Integer,java.lang.Integer,java.lang.Integer,java.lang.String,java.lang.String,java.lang.String,java.lang.String,java.lang.String,java.lang.Integer,java.lang.Integer,java.lang.Long,java.lang.Long)
2018-05-14 17:10:51.445  INFO 8862 --- [    Test worker] r.pravvich.config.api.RestApiConfig$1$1  : Mapped "{[/rest/social_account/save],methods=[POST]}" onto public ru.pravvich.web.social.SocialAccountRest ru.pravvich.web.social.SocialAccountController.save(ru.pravvich.web.social.SocialAccountRest)
2018-05-14 17:10:51.447  INFO 8862 --- [    Test worker] r.pravvich.config.api.RestApiConfig$1$1  : Mapped "{[/rest/user/logout],methods=[POST]}" onto public void ru.pravvich.web.user.UserController.logout(ru.pravvich.web.user.UserRest)
2018-05-14 17:10:51.448  INFO 8862 --- [    Test worker] r.pravvich.config.api.RestApiConfig$1$1  : Mapped "{[/rest/user/is_logged],methods=[GET]}" onto public java.lang.Boolean ru.pravvich.web.user.UserController.isLoggedIn()
2018-05-14 17:10:51.451  INFO 8862 --- [    Test worker] r.pravvich.config.api.RestApiConfig$1$1  : Mapped "{[/rest/user/registration],methods=[POST]}" onto public ru.pravvich.web.user.UserRest ru.pravvich.web.user.UserController.registration(ru.pravvich.web.user.UserRest)
2018-05-14 17:10:51.455  INFO 8862 --- [    Test worker] r.pravvich.config.api.RestApiConfig$1$1  : Mapped "{[/rest/vds/get],methods=[GET]}" onto public ru.pravvich.web.vds.VdsRest ru.pravvich.web.vds.VdsController.get(int)
2018-05-14 17:10:51.456  INFO 8862 --- [    Test worker] r.pravvich.config.api.RestApiConfig$1$1  : Mapped "{[/rest/vds/update],methods=[POST]}" onto public ru.pravvich.web.vds.VdsRest ru.pravvich.web.vds.VdsController.update(ru.pravvich.web.vds.VdsRest)
2018-05-14 17:10:51.457  INFO 8862 --- [    Test worker] r.pravvich.config.api.RestApiConfig$1$1  : Mapped "{[/rest/vds/delete],methods=[POST]}" onto public void ru.pravvich.web.vds.VdsController.delete(int)
2018-05-14 17:10:51.458  INFO 8862 --- [    Test worker] r.pravvich.config.api.RestApiConfig$1$1  : Mapped "{[/rest/vds/list],methods=[GET]}" onto public ru.pravvich.web.common.RestList ru.pravvich.web.vds.VdsController.list(java.lang.Integer,java.lang.Integer,java.lang.String,java.lang.Integer,java.lang.String,java.lang.String,java.lang.String,java.lang.Boolean,java.lang.Long,java.lang.Long)
2018-05-14 17:10:51.458  INFO 8862 --- [    Test worker] r.pravvich.config.api.RestApiConfig$1$1  : Mapped "{[/rest/vds/save],methods=[POST]}" onto public ru.pravvich.web.vds.VdsRest ru.pravvich.web.vds.VdsController.save(ru.pravvich.web.vds.VdsRest)
2018-05-14 17:10:51.461  INFO 8862 --- [    Test worker] r.pravvich.config.api.RestApiConfig$1$1  : Mapped "{[/error]}" onto public org.springframework.http.ResponseEntity<java.util.Map<java.lang.String, java.lang.Object>> org.springframework.boot.autoconfigure.web.BasicErrorController.error(javax.servlet.http.HttpServletRequest)
2018-05-14 17:10:51.462  INFO 8862 --- [    Test worker] r.pravvich.config.api.RestApiConfig$1$1  : Mapped "{[/error],produces=[text/html]}" onto public org.springframework.web.servlet.ModelAndView org.springframework.boot.autoconfigure.web.BasicErrorController.errorHtml(javax.servlet.http.HttpServletRequest,javax.servlet.http.HttpServletResponse)
2018-05-14 17:10:51.518  INFO 8862 --- [    Test worker] o.s.w.s.handler.SimpleUrlHandlerMapping  : Mapped URL path [/webjars/**] onto handler of type [class org.springframework.web.servlet.resource.ResourceHttpRequestHandler]
2018-05-14 17:10:51.518  INFO 8862 --- [    Test worker] o.s.w.s.handler.SimpleUrlHandlerMapping  : Mapped URL path [/**] onto handler of type [class org.springframework.web.servlet.resource.ResourceHttpRequestHandler]
2018-05-14 17:10:51.593  INFO 8862 --- [    Test worker] o.s.w.s.handler.SimpleUrlHandlerMapping  : Mapped URL path [/**/favicon.ico] onto handler of type [class org.springframework.web.servlet.resource.ResourceHttpRequestHandler]
2018-05-14 17:10:52.243  INFO 8862 --- [    Test worker] o.s.b.a.e.mvc.EndpointHandlerMapping     : Mapped "{[/loggers/{name:.*}],methods=[GET],produces=[application/vnd.spring-boot.actuator.v1+json || application/json]}" onto public java.lang.Object org.springframework.boot.actuate.endpoint.mvc.LoggersMvcEndpoint.get(java.lang.String)
2018-05-14 17:10:52.245  INFO 8862 --- [    Test worker] o.s.b.a.e.mvc.EndpointHandlerMapping     : Mapped "{[/loggers/{name:.*}],methods=[POST],consumes=[application/vnd.spring-boot.actuator.v1+json || application/json],produces=[application/vnd.spring-boot.actuator.v1+json || application/json]}" onto public java.lang.Object org.springframework.boot.actuate.endpoint.mvc.LoggersMvcEndpoint.set(java.lang.String,java.util.Map<java.lang.String, java.lang.String>)
2018-05-14 17:10:52.246  INFO 8862 --- [    Test worker] o.s.b.a.e.mvc.EndpointHandlerMapping     : Mapped "{[/loggers || /loggers.json],methods=[GET],produces=[application/vnd.spring-boot.actuator.v1+json || application/json]}" onto public java.lang.Object org.springframework.boot.actuate.endpoint.mvc.EndpointMvcAdapter.invoke()
2018-05-14 17:10:52.247  INFO 8862 --- [    Test worker] o.s.b.a.e.mvc.EndpointHandlerMapping     : Mapped "{[/health || /health.json],methods=[GET],produces=[application/vnd.spring-boot.actuator.v1+json || application/json]}" onto public java.lang.Object org.springframework.boot.actuate.endpoint.mvc.HealthMvcEndpoint.invoke(javax.servlet.http.HttpServletRequest,java.security.Principal)
2018-05-14 17:10:52.249  INFO 8862 --- [    Test worker] o.s.b.a.e.mvc.EndpointHandlerMapping     : Mapped "{[/mappings || /mappings.json],methods=[GET],produces=[application/vnd.spring-boot.actuator.v1+json || application/json]}" onto public java.lang.Object org.springframework.boot.actuate.endpoint.mvc.EndpointMvcAdapter.invoke()
2018-05-14 17:10:52.251  INFO 8862 --- [    Test worker] o.s.b.a.e.mvc.EndpointHandlerMapping     : Mapped "{[/heapdump || /heapdump.json],methods=[GET],produces=[application/octet-stream]}" onto public void org.springframework.boot.actuate.endpoint.mvc.HeapdumpMvcEndpoint.invoke(boolean,javax.servlet.http.HttpServletRequest,javax.servlet.http.HttpServletResponse) throws java.io.IOException,javax.servlet.ServletException
2018-05-14 17:10:52.252  INFO 8862 --- [    Test worker] o.s.b.a.e.mvc.EndpointHandlerMapping     : Mapped "{[/configprops || /configprops.json],methods=[GET],produces=[application/vnd.spring-boot.actuator.v1+json || application/json]}" onto public java.lang.Object org.springframework.boot.actuate.endpoint.mvc.EndpointMvcAdapter.invoke()
2018-05-14 17:10:52.254  INFO 8862 --- [    Test worker] o.s.b.a.e.mvc.EndpointHandlerMapping     : Mapped "{[/metrics/{name:.*}],methods=[GET],produces=[application/vnd.spring-boot.actuator.v1+json || application/json]}" onto public java.lang.Object org.springframework.boot.actuate.endpoint.mvc.MetricsMvcEndpoint.value(java.lang.String)
2018-05-14 17:10:52.255  INFO 8862 --- [    Test worker] o.s.b.a.e.mvc.EndpointHandlerMapping     : Mapped "{[/metrics || /metrics.json],methods=[GET],produces=[application/vnd.spring-boot.actuator.v1+json || application/json]}" onto public java.lang.Object org.springframework.boot.actuate.endpoint.mvc.EndpointMvcAdapter.invoke()
2018-05-14 17:10:52.257  INFO 8862 --- [    Test worker] o.s.b.a.e.mvc.EndpointHandlerMapping     : Mapped "{[/env/{name:.*}],methods=[GET],produces=[application/vnd.spring-boot.actuator.v1+json || application/json]}" onto public java.lang.Object org.springframework.boot.actuate.endpoint.mvc.EnvironmentMvcEndpoint.value(java.lang.String)
2018-05-14 17:10:52.257  INFO 8862 --- [    Test worker] o.s.b.a.e.mvc.EndpointHandlerMapping     : Mapped "{[/env || /env.json],methods=[GET],produces=[application/vnd.spring-boot.actuator.v1+json || application/json]}" onto public java.lang.Object org.springframework.boot.actuate.endpoint.mvc.EndpointMvcAdapter.invoke()
2018-05-14 17:10:52.259  INFO 8862 --- [    Test worker] o.s.b.a.e.mvc.EndpointHandlerMapping     : Mapped "{[/beans || /beans.json],methods=[GET],produces=[application/vnd.spring-boot.actuator.v1+json || application/json]}" onto public java.lang.Object org.springframework.boot.actuate.endpoint.mvc.EndpointMvcAdapter.invoke()
2018-05-14 17:10:52.260  INFO 8862 --- [    Test worker] o.s.b.a.e.mvc.EndpointHandlerMapping     : Mapped "{[/info || /info.json],methods=[GET],produces=[application/vnd.spring-boot.actuator.v1+json || application/json]}" onto public java.lang.Object org.springframework.boot.actuate.endpoint.mvc.EndpointMvcAdapter.invoke()
2018-05-14 17:10:52.262  INFO 8862 --- [    Test worker] o.s.b.a.e.mvc.EndpointHandlerMapping     : Mapped "{[/auditevents || /auditevents.json],methods=[GET],produces=[application/vnd.spring-boot.actuator.v1+json || application/json]}" onto public org.springframework.http.ResponseEntity<?> org.springframework.boot.actuate.endpoint.mvc.AuditEventsMvcEndpoint.findByPrincipalAndAfterAndType(java.lang.String,java.util.Date,java.lang.String)
2018-05-14 17:10:52.263  INFO 8862 --- [    Test worker] o.s.b.a.e.mvc.EndpointHandlerMapping     : Mapped "{[/trace || /trace.json],methods=[GET],produces=[application/vnd.spring-boot.actuator.v1+json || application/json]}" onto public java.lang.Object org.springframework.boot.actuate.endpoint.mvc.EndpointMvcAdapter.invoke()
2018-05-14 17:10:52.264  INFO 8862 --- [    Test worker] o.s.b.a.e.mvc.EndpointHandlerMapping     : Mapped "{[/dump || /dump.json],methods=[GET],produces=[application/vnd.spring-boot.actuator.v1+json || application/json]}" onto public java.lang.Object org.springframework.boot.actuate.endpoint.mvc.EndpointMvcAdapter.invoke()
2018-05-14 17:10:52.265  INFO 8862 --- [    Test worker] o.s.b.a.e.mvc.EndpointHandlerMapping     : Mapped "{[/autoconfig || /autoconfig.json],methods=[GET],produces=[application/vnd.spring-boot.actuator.v1+json || application/json]}" onto public java.lang.Object org.springframework.boot.actuate.endpoint.mvc.EndpointMvcAdapter.invoke()
2018-05-14 17:10:52.758  INFO 8862 --- [    Test worker] ru.pravvich.web.vds.VdsControllerTest    : Started VdsControllerTest in 4.705 seconds (JVM running for 34.712)
]]></system-out>
  <system-err><![CDATA[]]></system-err>
</testsuite>
