<?xml version="1.0" encoding="UTF-8"?>
<testsuite name="ru.pravvich.web.phone.PhoneControllerTest" tests="7" skipped="0" failures="0" errors="0" timestamp="2018-05-15T01:41:40" hostname="Mac-mini-Pavel.local" time="0.122">
  <properties/>
  <testcase name="whenCallListWithRegDateNullThenReturnData" classname="ru.pravvich.web.phone.PhoneControllerTest" time="0.016"/>
  <testcase name="whenCallListWithRegDateNonNullThenReturnData" classname="ru.pravvich.web.phone.PhoneControllerTest" time="0.014"/>
  <testcase name="whenUpdatePhoneThenReturnSamePhone" classname="ru.pravvich.web.phone.PhoneControllerTest" time="0.023"/>
  <testcase name="whenDelete" classname="ru.pravvich.web.phone.PhoneControllerTest" time="0.012"/>
  <testcase name="whenEquals" classname="ru.pravvich.web.phone.PhoneControllerTest" time="0.013"/>
  <testcase name="whenSavePhoneThenReturnSamePhone" classname="ru.pravvich.web.phone.PhoneControllerTest" time="0.007"/>
  <testcase name="whenCallGetThenThenGotPhone" classname="ru.pravvich.web.phone.PhoneControllerTest" time="0.008"/>
  <system-out><![CDATA[2018-05-15 04:41:35.663  INFO 1416 --- [    Test worker] .b.t.c.SpringBootTestContextBootstrapper : Neither @ContextConfiguration nor @ContextHierarchy found for test class [ru.pravvich.web.phone.PhoneControllerTest], using SpringBootContextLoader
2018-05-15 04:41:35.664  INFO 1416 --- [    Test worker] o.s.t.c.support.AbstractContextLoader    : Could not detect default resource locations for test class [ru.pravvich.web.phone.PhoneControllerTest]: no resource found for suffixes {-context.xml, Context.groovy}.
2018-05-15 04:41:35.665  INFO 1416 --- [    Test worker] t.c.s.AnnotationConfigContextLoaderUtils : Could not detect default configuration classes for test class [ru.pravvich.web.phone.PhoneControllerTest]: PhoneControllerTest does not declare any static, non-private, non-final, nested classes annotated with @Configuration.
2018-05-15 04:41:35.695  INFO 1416 --- [    Test worker] .b.t.c.SpringBootTestContextBootstrapper : Found @SpringBootConfiguration ru.pravvich.Application for test class ru.pravvich.web.phone.PhoneControllerTest
2018-05-15 04:41:35.703  INFO 1416 --- [    Test worker] .b.t.c.SpringBootTestContextBootstrapper : Loaded default TestExecutionListener class names from location [META-INF/spring.factories]: [org.springframework.boot.test.autoconfigure.restdocs.RestDocsTestExecutionListener, org.springframework.boot.test.autoconfigure.web.client.MockRestServiceServerResetTestExecutionListener, org.springframework.boot.test.autoconfigure.web.servlet.MockMvcPrintOnlyOnFailureTestExecutionListener, org.springframework.boot.test.autoconfigure.web.servlet.WebDriverTestExecutionListener, org.springframework.boot.test.mock.mockito.MockitoTestExecutionListener, org.springframework.boot.test.mock.mockito.ResetMocksTestExecutionListener, org.springframework.test.context.web.ServletTestExecutionListener, org.springframework.test.context.support.DirtiesContextBeforeModesTestExecutionListener, org.springframework.test.context.support.DependencyInjectionTestExecutionListener, org.springframework.test.context.support.DirtiesContextTestExecutionListener, org.springframework.test.context.transaction.TransactionalTestExecutionListener, org.springframework.test.context.jdbc.SqlScriptsTestExecutionListener]
2018-05-15 04:41:35.709  INFO 1416 --- [    Test worker] .b.t.c.SpringBootTestContextBootstrapper : Using TestExecutionListeners: [org.springframework.test.context.web.ServletTestExecutionListener@3f861eb6, org.springframework.test.context.support.DirtiesContextBeforeModesTestExecutionListener@5f749856, org.springframework.boot.test.autoconfigure.SpringBootDependencyInjectionTestExecutionListener@665f1eb0, org.springframework.test.context.support.DirtiesContextTestExecutionListener@3f609a55, org.springframework.test.context.transaction.TransactionalTestExecutionListener@301c50a1, org.springframework.test.context.jdbc.SqlScriptsTestExecutionListener@4b51d8dc, org.springframework.boot.test.mock.mockito.ResetMocksTestExecutionListener@5565e598, org.springframework.boot.test.autoconfigure.restdocs.RestDocsTestExecutionListener@6e6c7f53, org.springframework.boot.test.autoconfigure.web.servlet.MockMvcPrintOnlyOnFailureTestExecutionListener@3ca7b367, org.springframework.boot.test.mock.mockito.MockitoTestExecutionListener@79f51b17, org.springframework.boot.test.autoconfigure.web.client.MockRestServiceServerResetTestExecutionListener@3466894, org.springframework.boot.test.autoconfigure.web.servlet.WebDriverTestExecutionListener@edd1948]

  .   ____          _            __ _ _
 /\\ / ___'_ __ _ _(_)_ __  __ _ \ \ \ \
( ( )\___ | '_ | '_| | '_ \/ _` | \ \ \ \
 \\/  ___)| |_)| | | | | || (_| |  ) ) ) )
  '  |____| .__|_| |_|_| |_\__, | / / / /
 =========|_|==============|___/=/_/_/_/
 :: Spring Boot ::        (v1.5.9.RELEASE)

2018-05-15 04:41:35.790  INFO 1416 --- [    Test worker] r.p.web.phone.PhoneControllerTest        : Starting PhoneControllerTest on Mac-mini-Pavel.local with PID 1416 (started by pavel in /Users/pavel/GitHub/account-manager-server)
2018-05-15 04:41:35.790  INFO 1416 --- [    Test worker] r.p.web.phone.PhoneControllerTest        : No active profile set, falling back to default profiles: default
2018-05-15 04:41:35.804  INFO 1416 --- [    Test worker] o.s.w.c.s.GenericWebApplicationContext   : Refreshing org.springframework.web.context.support.GenericWebApplicationContext@26fa6056: startup date [Tue May 15 04:41:35 MSK 2018]; root of context hierarchy
2018-05-15 04:41:37.420  INFO 1416 --- [    Test worker] j.LocalContainerEntityManagerFactoryBean : Building JPA container EntityManagerFactory for persistence unit 'default'
2018-05-15 04:41:37.420  INFO 1416 --- [    Test worker] o.hibernate.jpa.internal.util.LogHelper  : HHH000204: Processing PersistenceUnitInfo [
	name: default
	...]
2018-05-15 04:41:37.432  INFO 1416 --- [    Test worker] org.hibernate.dialect.Dialect            : HHH000400: Using dialect: org.hibernate.dialect.PostgreSQLDialect
2018-05-15 04:41:37.640  INFO 1416 --- [    Test worker] o.h.e.j.e.i.LobCreatorBuilderImpl        : HHH000424: Disabling contextual LOB creation as createClob() method threw error : java.lang.reflect.InvocationTargetException
2018-05-15 04:41:37.642  INFO 1416 --- [    Test worker] org.hibernate.type.BasicTypeRegistry     : HHH000270: Type registration [java.util.UUID] overrides previous : org.hibernate.type.UUIDBinaryType@1505b600
2018-05-15 04:41:37.823  WARN 1416 --- [    Test worker] o.h.j.i.EntityManagerFactoryRegistry     : HHH000436: Entity manager factory name (default) is already registered.  If entity manager will be clustered or passivated, specify a unique value for property 'hibernate.ejb.entitymanager_factory_name'
2018-05-15 04:41:37.824  INFO 1416 --- [    Test worker] j.LocalContainerEntityManagerFactoryBean : Initialized JPA EntityManagerFactory for persistence unit 'default'
2018-05-15 04:41:38.507  INFO 1416 --- [    Test worker] o.h.h.i.QueryTranslatorFactoryInitiator  : HHH000397: Using ASTQueryTranslatorFactory
2018-05-15 04:41:38.913  INFO 1416 --- [    Test worker] o.s.s.web.DefaultSecurityFilterChain     : Creating filter chain: org.springframework.security.web.util.matcher.AnyRequestMatcher@1, [org.springframework.security.web.context.request.async.WebAsyncManagerIntegrationFilter@4eb6e199, org.springframework.security.web.context.SecurityContextPersistenceFilter@7325864, org.springframework.security.web.header.HeaderWriterFilter@1e92e584, org.springframework.web.filter.CorsFilter@3a283264, org.springframework.security.web.authentication.logout.LogoutFilter@734d0f8a, org.springframework.security.web.authentication.UsernamePasswordAuthenticationFilter@5056cef5, org.springframework.security.web.session.ConcurrentSessionFilter@10191e3e, org.springframework.security.web.savedrequest.RequestCacheAwareFilter@e8533c3, org.springframework.security.web.servletapi.SecurityContextHolderAwareRequestFilter@2bfd0c25, org.springframework.security.web.authentication.AnonymousAuthenticationFilter@191cf4ab, org.springframework.security.web.session.SessionManagementFilter@3b03dbc5, org.springframework.security.web.access.ExceptionTranslationFilter@783de031, org.springframework.security.web.access.intercept.FilterSecurityInterceptor@3aef88b]
2018-05-15 04:41:38.937  INFO 1416 --- [    Test worker] o.s.s.web.DefaultSecurityFilterChain     : Creating filter chain: org.springframework.boot.actuate.autoconfigure.ManagementWebSecurityAutoConfiguration$LazyEndpointPathRequestMatcher@376fe7ab, [org.springframework.security.web.context.request.async.WebAsyncManagerIntegrationFilter@4e0c6574, org.springframework.security.web.context.SecurityContextPersistenceFilter@9896e66, org.springframework.security.web.header.HeaderWriterFilter@208f91f6, org.springframework.web.filter.CorsFilter@6900864f, org.springframework.security.web.authentication.logout.LogoutFilter@6c0ce806, org.springframework.security.web.authentication.www.BasicAuthenticationFilter@112e5c71, org.springframework.security.web.savedrequest.RequestCacheAwareFilter@7faed625, org.springframework.security.web.servletapi.SecurityContextHolderAwareRequestFilter@2372f807, org.springframework.security.web.authentication.AnonymousAuthenticationFilter@a2e82ca, org.springframework.security.web.session.SessionManagementFilter@349f65da, org.springframework.security.web.access.ExceptionTranslationFilter@5f95389a, org.springframework.security.web.access.intercept.FilterSecurityInterceptor@136699bb]
2018-05-15 04:41:39.313  INFO 1416 --- [    Test worker] s.w.s.m.m.a.RequestMappingHandlerAdapter : Looking for @ControllerAdvice: org.springframework.web.context.support.GenericWebApplicationContext@26fa6056: startup date [Tue May 15 04:41:35 MSK 2018]; root of context hierarchy
2018-05-15 04:41:39.367  INFO 1416 --- [    Test worker] r.pravvich.config.api.RestApiConfig$1$1  : Mapped "{[/rest/phone/get],methods=[GET]}" onto public ru.pravvich.web.phone.PhoneRest ru.pravvich.web.phone.PhoneController.get(int)
2018-05-15 04:41:39.368  INFO 1416 --- [    Test worker] r.pravvich.config.api.RestApiConfig$1$1  : Mapped "{[/rest/phone/update],methods=[POST]}" onto public ru.pravvich.web.phone.PhoneRest ru.pravvich.web.phone.PhoneController.update(ru.pravvich.web.phone.PhoneRest)
2018-05-15 04:41:39.368  INFO 1416 --- [    Test worker] r.pravvich.config.api.RestApiConfig$1$1  : Mapped "{[/rest/phone/delete],methods=[POST]}" onto public void ru.pravvich.web.phone.PhoneController.delete(int)
2018-05-15 04:41:39.369  INFO 1416 --- [    Test worker] r.pravvich.config.api.RestApiConfig$1$1  : Mapped "{[/rest/phone/list],methods=[GET]}" onto public ru.pravvich.web.common.RestList ru.pravvich.web.phone.PhoneController.list(java.lang.Integer,java.lang.Integer,java.lang.Integer,java.lang.String,java.lang.String,java.lang.String,java.lang.String,java.lang.String,java.lang.String,java.lang.Long,java.lang.Long)
2018-05-15 04:41:39.370  INFO 1416 --- [    Test worker] r.pravvich.config.api.RestApiConfig$1$1  : Mapped "{[/rest/phone/save],methods=[POST]}" onto public ru.pravvich.web.phone.PhoneRest ru.pravvich.web.phone.PhoneController.save(ru.pravvich.web.phone.PhoneRest)
2018-05-15 04:41:39.374  INFO 1416 --- [    Test worker] r.pravvich.config.api.RestApiConfig$1$1  : Mapped "{[/rest/social_account/get],methods=[GET]}" onto public ru.pravvich.web.social.SocialAccountRest ru.pravvich.web.social.SocialAccountController.get(int)
2018-05-15 04:41:39.375  INFO 1416 --- [    Test worker] r.pravvich.config.api.RestApiConfig$1$1  : Mapped "{[/rest/social_account/update],methods=[POST]}" onto public ru.pravvich.web.social.SocialAccountRest ru.pravvich.web.social.SocialAccountController.update(ru.pravvich.web.social.SocialAccountRest)
2018-05-15 04:41:39.377  INFO 1416 --- [    Test worker] r.pravvich.config.api.RestApiConfig$1$1  : Mapped "{[/rest/social_account/delete],methods=[POST]}" onto public void ru.pravvich.web.social.SocialAccountController.delete(int)
2018-05-15 04:41:39.378  INFO 1416 --- [    Test worker] r.pravvich.config.api.RestApiConfig$1$1  : Mapped "{[/rest/social_account/list],methods=[GET]}" onto public ru.pravvich.web.common.RestList ru.pravvich.web.social.SocialAccountController.list(java.lang.Integer,java.lang.Integer,java.lang.Integer,java.lang.String,java.lang.String,java.lang.String,java.lang.String,java.lang.String,java.lang.Integer,java.lang.Integer,java.lang.Long,java.lang.Long)
2018-05-15 04:41:39.379  INFO 1416 --- [    Test worker] r.pravvich.config.api.RestApiConfig$1$1  : Mapped "{[/rest/social_account/save],methods=[POST]}" onto public ru.pravvich.web.social.SocialAccountRest ru.pravvich.web.social.SocialAccountController.save(ru.pravvich.web.social.SocialAccountRest)
2018-05-15 04:41:39.384  INFO 1416 --- [    Test worker] r.pravvich.config.api.RestApiConfig$1$1  : Mapped "{[/rest/user/registration],methods=[POST]}" onto public ru.pravvich.web.user.UserRest ru.pravvich.web.user.UserController.registration(ru.pravvich.web.user.UserRest)
2018-05-15 04:41:39.386  INFO 1416 --- [    Test worker] r.pravvich.config.api.RestApiConfig$1$1  : Mapped "{[/rest/user/logout],methods=[POST]}" onto public void ru.pravvich.web.user.UserController.logout(ru.pravvich.web.user.UserRest)
2018-05-15 04:41:39.388  INFO 1416 --- [    Test worker] r.pravvich.config.api.RestApiConfig$1$1  : Mapped "{[/rest/user/is_logged],methods=[GET]}" onto public java.lang.Boolean ru.pravvich.web.user.UserController.isLoggedIn()
2018-05-15 04:41:39.400  INFO 1416 --- [    Test worker] r.pravvich.config.api.RestApiConfig$1$1  : Mapped "{[/rest/vds/get],methods=[GET]}" onto public ru.pravvich.web.vds.VdsRest ru.pravvich.web.vds.VdsController.get(int)
2018-05-15 04:41:39.402  INFO 1416 --- [    Test worker] r.pravvich.config.api.RestApiConfig$1$1  : Mapped "{[/rest/vds/update],methods=[POST]}" onto public ru.pravvich.web.vds.VdsRest ru.pravvich.web.vds.VdsController.update(ru.pravvich.web.vds.VdsRest)
2018-05-15 04:41:39.403  INFO 1416 --- [    Test worker] r.pravvich.config.api.RestApiConfig$1$1  : Mapped "{[/rest/vds/delete],methods=[POST]}" onto public void ru.pravvich.web.vds.VdsController.delete(int)
2018-05-15 04:41:39.404  INFO 1416 --- [    Test worker] r.pravvich.config.api.RestApiConfig$1$1  : Mapped "{[/rest/vds/list],methods=[GET]}" onto public ru.pravvich.web.common.RestList ru.pravvich.web.vds.VdsController.list(java.lang.Integer,java.lang.Integer,java.lang.String,java.lang.Integer,java.lang.String,java.lang.String,java.lang.String,java.lang.Boolean,java.lang.Long,java.lang.Long)
2018-05-15 04:41:39.405  INFO 1416 --- [    Test worker] r.pravvich.config.api.RestApiConfig$1$1  : Mapped "{[/rest/vds/save],methods=[POST]}" onto public ru.pravvich.web.vds.VdsRest ru.pravvich.web.vds.VdsController.save(ru.pravvich.web.vds.VdsRest)
2018-05-15 04:41:39.409  INFO 1416 --- [    Test worker] r.pravvich.config.api.RestApiConfig$1$1  : Mapped "{[/error]}" onto public org.springframework.http.ResponseEntity<java.util.Map<java.lang.String, java.lang.Object>> org.springframework.boot.autoconfigure.web.BasicErrorController.error(javax.servlet.http.HttpServletRequest)
2018-05-15 04:41:39.410  INFO 1416 --- [    Test worker] r.pravvich.config.api.RestApiConfig$1$1  : Mapped "{[/error],produces=[text/html]}" onto public org.springframework.web.servlet.ModelAndView org.springframework.boot.autoconfigure.web.BasicErrorController.errorHtml(javax.servlet.http.HttpServletRequest,javax.servlet.http.HttpServletResponse)
2018-05-15 04:41:39.487  INFO 1416 --- [    Test worker] o.s.w.s.handler.SimpleUrlHandlerMapping  : Mapped URL path [/webjars/**] onto handler of type [class org.springframework.web.servlet.resource.ResourceHttpRequestHandler]
2018-05-15 04:41:39.488  INFO 1416 --- [    Test worker] o.s.w.s.handler.SimpleUrlHandlerMapping  : Mapped URL path [/**] onto handler of type [class org.springframework.web.servlet.resource.ResourceHttpRequestHandler]
2018-05-15 04:41:39.573  INFO 1416 --- [    Test worker] o.s.w.s.handler.SimpleUrlHandlerMapping  : Mapped URL path [/**/favicon.ico] onto handler of type [class org.springframework.web.servlet.resource.ResourceHttpRequestHandler]
2018-05-15 04:41:40.254  INFO 1416 --- [    Test worker] o.s.b.a.e.mvc.EndpointHandlerMapping     : Mapped "{[/env/{name:.*}],methods=[GET],produces=[application/vnd.spring-boot.actuator.v1+json || application/json]}" onto public java.lang.Object org.springframework.boot.actuate.endpoint.mvc.EnvironmentMvcEndpoint.value(java.lang.String)
2018-05-15 04:41:40.255  INFO 1416 --- [    Test worker] o.s.b.a.e.mvc.EndpointHandlerMapping     : Mapped "{[/env || /env.json],methods=[GET],produces=[application/vnd.spring-boot.actuator.v1+json || application/json]}" onto public java.lang.Object org.springframework.boot.actuate.endpoint.mvc.EndpointMvcAdapter.invoke()
2018-05-15 04:41:40.257  INFO 1416 --- [    Test worker] o.s.b.a.e.mvc.EndpointHandlerMapping     : Mapped "{[/beans || /beans.json],methods=[GET],produces=[application/vnd.spring-boot.actuator.v1+json || application/json]}" onto public java.lang.Object org.springframework.boot.actuate.endpoint.mvc.EndpointMvcAdapter.invoke()
2018-05-15 04:41:40.258  INFO 1416 --- [    Test worker] o.s.b.a.e.mvc.EndpointHandlerMapping     : Mapped "{[/info || /info.json],methods=[GET],produces=[application/vnd.spring-boot.actuator.v1+json || application/json]}" onto public java.lang.Object org.springframework.boot.actuate.endpoint.mvc.EndpointMvcAdapter.invoke()
2018-05-15 04:41:40.259  INFO 1416 --- [    Test worker] o.s.b.a.e.mvc.EndpointHandlerMapping     : Mapped "{[/metrics/{name:.*}],methods=[GET],produces=[application/vnd.spring-boot.actuator.v1+json || application/json]}" onto public java.lang.Object org.springframework.boot.actuate.endpoint.mvc.MetricsMvcEndpoint.value(java.lang.String)
2018-05-15 04:41:40.260  INFO 1416 --- [    Test worker] o.s.b.a.e.mvc.EndpointHandlerMapping     : Mapped "{[/metrics || /metrics.json],methods=[GET],produces=[application/vnd.spring-boot.actuator.v1+json || application/json]}" onto public java.lang.Object org.springframework.boot.actuate.endpoint.mvc.EndpointMvcAdapter.invoke()
2018-05-15 04:41:40.261  INFO 1416 --- [    Test worker] o.s.b.a.e.mvc.EndpointHandlerMapping     : Mapped "{[/trace || /trace.json],methods=[GET],produces=[application/vnd.spring-boot.actuator.v1+json || application/json]}" onto public java.lang.Object org.springframework.boot.actuate.endpoint.mvc.EndpointMvcAdapter.invoke()
2018-05-15 04:41:40.265  INFO 1416 --- [    Test worker] o.s.b.a.e.mvc.EndpointHandlerMapping     : Mapped "{[/heapdump || /heapdump.json],methods=[GET],produces=[application/octet-stream]}" onto public void org.springframework.boot.actuate.endpoint.mvc.HeapdumpMvcEndpoint.invoke(boolean,javax.servlet.http.HttpServletRequest,javax.servlet.http.HttpServletResponse) throws java.io.IOException,javax.servlet.ServletException
2018-05-15 04:41:40.268  INFO 1416 --- [    Test worker] o.s.b.a.e.mvc.EndpointHandlerMapping     : Mapped "{[/mappings || /mappings.json],methods=[GET],produces=[application/vnd.spring-boot.actuator.v1+json || application/json]}" onto public java.lang.Object org.springframework.boot.actuate.endpoint.mvc.EndpointMvcAdapter.invoke()
2018-05-15 04:41:40.270  INFO 1416 --- [    Test worker] o.s.b.a.e.mvc.EndpointHandlerMapping     : Mapped "{[/health || /health.json],methods=[GET],produces=[application/vnd.spring-boot.actuator.v1+json || application/json]}" onto public java.lang.Object org.springframework.boot.actuate.endpoint.mvc.HealthMvcEndpoint.invoke(javax.servlet.http.HttpServletRequest,java.security.Principal)
2018-05-15 04:41:40.271  INFO 1416 --- [    Test worker] o.s.b.a.e.mvc.EndpointHandlerMapping     : Mapped "{[/configprops || /configprops.json],methods=[GET],produces=[application/vnd.spring-boot.actuator.v1+json || application/json]}" onto public java.lang.Object org.springframework.boot.actuate.endpoint.mvc.EndpointMvcAdapter.invoke()
2018-05-15 04:41:40.274  INFO 1416 --- [    Test worker] o.s.b.a.e.mvc.EndpointHandlerMapping     : Mapped "{[/auditevents || /auditevents.json],methods=[GET],produces=[application/vnd.spring-boot.actuator.v1+json || application/json]}" onto public org.springframework.http.ResponseEntity<?> org.springframework.boot.actuate.endpoint.mvc.AuditEventsMvcEndpoint.findByPrincipalAndAfterAndType(java.lang.String,java.util.Date,java.lang.String)
2018-05-15 04:41:40.275  INFO 1416 --- [    Test worker] o.s.b.a.e.mvc.EndpointHandlerMapping     : Mapped "{[/dump || /dump.json],methods=[GET],produces=[application/vnd.spring-boot.actuator.v1+json || application/json]}" onto public java.lang.Object org.springframework.boot.actuate.endpoint.mvc.EndpointMvcAdapter.invoke()
2018-05-15 04:41:40.281  INFO 1416 --- [    Test worker] o.s.b.a.e.mvc.EndpointHandlerMapping     : Mapped "{[/loggers/{name:.*}],methods=[GET],produces=[application/vnd.spring-boot.actuator.v1+json || application/json]}" onto public java.lang.Object org.springframework.boot.actuate.endpoint.mvc.LoggersMvcEndpoint.get(java.lang.String)
2018-05-15 04:41:40.283  INFO 1416 --- [    Test worker] o.s.b.a.e.mvc.EndpointHandlerMapping     : Mapped "{[/loggers/{name:.*}],methods=[POST],consumes=[application/vnd.spring-boot.actuator.v1+json || application/json],produces=[application/vnd.spring-boot.actuator.v1+json || application/json]}" onto public java.lang.Object org.springframework.boot.actuate.endpoint.mvc.LoggersMvcEndpoint.set(java.lang.String,java.util.Map<java.lang.String, java.lang.String>)
2018-05-15 04:41:40.285  INFO 1416 --- [    Test worker] o.s.b.a.e.mvc.EndpointHandlerMapping     : Mapped "{[/loggers || /loggers.json],methods=[GET],produces=[application/vnd.spring-boot.actuator.v1+json || application/json]}" onto public java.lang.Object org.springframework.boot.actuate.endpoint.mvc.EndpointMvcAdapter.invoke()
2018-05-15 04:41:40.287  INFO 1416 --- [    Test worker] o.s.b.a.e.mvc.EndpointHandlerMapping     : Mapped "{[/autoconfig || /autoconfig.json],methods=[GET],produces=[application/vnd.spring-boot.actuator.v1+json || application/json]}" onto public java.lang.Object org.springframework.boot.actuate.endpoint.mvc.EndpointMvcAdapter.invoke()
2018-05-15 04:41:40.710  INFO 1416 --- [    Test worker] r.p.web.phone.PhoneControllerTest        : Started PhoneControllerTest in 4.991 seconds (JVM running for 28.101)
]]></system-out>
  <system-err><![CDATA[]]></system-err>
</testsuite>
