<?xml version="1.0" encoding="UTF-8"?>
<testsuite name="ru.pravvich.web.vds.VdsControllerTest" tests="7" skipped="0" failures="0" errors="0" timestamp="2018-05-15T00:30:48" hostname="Mac-mini-Pavel.local" time="0.227">
  <properties/>
  <testcase name="whenCallListWithRegDateNullThenReturnData" classname="ru.pravvich.web.vds.VdsControllerTest" time="0.048"/>
  <testcase name="whenCallListWithRegDateNonNullThenReturnData" classname="ru.pravvich.web.vds.VdsControllerTest" time="0.007"/>
  <testcase name="whenUpdatePhoneThenReturnSamePhone" classname="ru.pravvich.web.vds.VdsControllerTest" time="0.036"/>
  <testcase name="whenDelete" classname="ru.pravvich.web.vds.VdsControllerTest" time="0.024"/>
  <testcase name="whenEquals" classname="ru.pravvich.web.vds.VdsControllerTest" time="0.06"/>
  <testcase name="whenSavePhoneThenReturnSamePhone" classname="ru.pravvich.web.vds.VdsControllerTest" time="0.018"/>
  <testcase name="whenCallGetThenThenGotVds" classname="ru.pravvich.web.vds.VdsControllerTest" time="0.013"/>
  <system-out><![CDATA[2018-05-15 03:30:39.893  INFO 949 --- [    Test worker] .b.t.c.SpringBootTestContextBootstrapper : Neither @ContextConfiguration nor @ContextHierarchy found for test class [ru.pravvich.web.vds.VdsControllerTest], using SpringBootContextLoader
2018-05-15 03:30:39.896  INFO 949 --- [    Test worker] o.s.t.c.support.AbstractContextLoader    : Could not detect default resource locations for test class [ru.pravvich.web.vds.VdsControllerTest]: no resource found for suffixes {-context.xml, Context.groovy}.
2018-05-15 03:30:39.896  INFO 949 --- [    Test worker] t.c.s.AnnotationConfigContextLoaderUtils : Could not detect default configuration classes for test class [ru.pravvich.web.vds.VdsControllerTest]: VdsControllerTest does not declare any static, non-private, non-final, nested classes annotated with @Configuration.
2018-05-15 03:30:39.911  INFO 949 --- [    Test worker] .b.t.c.SpringBootTestContextBootstrapper : Found @SpringBootConfiguration ru.pravvich.Application for test class ru.pravvich.web.vds.VdsControllerTest
2018-05-15 03:30:39.916  INFO 949 --- [    Test worker] .b.t.c.SpringBootTestContextBootstrapper : Loaded default TestExecutionListener class names from location [META-INF/spring.factories]: [org.springframework.boot.test.autoconfigure.restdocs.RestDocsTestExecutionListener, org.springframework.boot.test.autoconfigure.web.client.MockRestServiceServerResetTestExecutionListener, org.springframework.boot.test.autoconfigure.web.servlet.MockMvcPrintOnlyOnFailureTestExecutionListener, org.springframework.boot.test.autoconfigure.web.servlet.WebDriverTestExecutionListener, org.springframework.boot.test.mock.mockito.MockitoTestExecutionListener, org.springframework.boot.test.mock.mockito.ResetMocksTestExecutionListener, org.springframework.test.context.web.ServletTestExecutionListener, org.springframework.test.context.support.DirtiesContextBeforeModesTestExecutionListener, org.springframework.test.context.support.DependencyInjectionTestExecutionListener, org.springframework.test.context.support.DirtiesContextTestExecutionListener, org.springframework.test.context.transaction.TransactionalTestExecutionListener, org.springframework.test.context.jdbc.SqlScriptsTestExecutionListener]
2018-05-15 03:30:39.921  INFO 949 --- [    Test worker] .b.t.c.SpringBootTestContextBootstrapper : Using TestExecutionListeners: [org.springframework.test.context.web.ServletTestExecutionListener@70857394, org.springframework.test.context.support.DirtiesContextBeforeModesTestExecutionListener@1651c96b, org.springframework.boot.test.autoconfigure.SpringBootDependencyInjectionTestExecutionListener@7dc4819b, org.springframework.test.context.support.DirtiesContextTestExecutionListener@47b097f4, org.springframework.test.context.transaction.TransactionalTestExecutionListener@1c725545, org.springframework.test.context.jdbc.SqlScriptsTestExecutionListener@4f0cd31, org.springframework.boot.test.autoconfigure.restdocs.RestDocsTestExecutionListener@5d615c6d, org.springframework.boot.test.autoconfigure.web.client.MockRestServiceServerResetTestExecutionListener@1ead6f02, org.springframework.boot.test.autoconfigure.web.servlet.WebDriverTestExecutionListener@107bd9ef, org.springframework.boot.test.mock.mockito.ResetMocksTestExecutionListener@12601794, org.springframework.boot.test.autoconfigure.web.servlet.MockMvcPrintOnlyOnFailureTestExecutionListener@45b5a381, org.springframework.boot.test.mock.mockito.MockitoTestExecutionListener@3095014a]

  .   ____          _            __ _ _
 /\\ / ___'_ __ _ _(_)_ __  __ _ \ \ \ \
( ( )\___ | '_ | '_| | '_ \/ _` | \ \ \ \
 \\/  ___)| |_)| | | | | || (_| |  ) ) ) )
  '  |____| .__|_| |_|_| |_\__, | / / / /
 =========|_|==============|___/=/_/_/_/
 :: Spring Boot ::        (v1.5.9.RELEASE)

2018-05-15 03:30:40.000  INFO 949 --- [    Test worker] ru.pravvich.web.vds.VdsControllerTest    : Starting VdsControllerTest on Mac-mini-Pavel.local with PID 949 (started by pavel in /Users/pavel/GitHub/account-manager-server)
2018-05-15 03:30:40.000  INFO 949 --- [    Test worker] ru.pravvich.web.vds.VdsControllerTest    : No active profile set, falling back to default profiles: default
2018-05-15 03:30:40.004  INFO 949 --- [    Test worker] o.s.w.c.s.GenericWebApplicationContext   : Refreshing org.springframework.web.context.support.GenericWebApplicationContext@4af21cd1: startup date [Tue May 15 03:30:40 MSK 2018]; root of context hierarchy
2018-05-15 03:30:41.635  INFO 949 --- [    Test worker] j.LocalContainerEntityManagerFactoryBean : Building JPA container EntityManagerFactory for persistence unit 'default'
2018-05-15 03:30:41.636  INFO 949 --- [    Test worker] o.hibernate.jpa.internal.util.LogHelper  : HHH000204: Processing PersistenceUnitInfo [
	name: default
	...]
2018-05-15 03:30:41.649  INFO 949 --- [    Test worker] org.hibernate.dialect.Dialect            : HHH000400: Using dialect: org.hibernate.dialect.PostgreSQLDialect
2018-05-15 03:30:41.822  INFO 949 --- [    Test worker] o.h.e.j.e.i.LobCreatorBuilderImpl        : HHH000424: Disabling contextual LOB creation as createClob() method threw error : java.lang.reflect.InvocationTargetException
2018-05-15 03:30:41.823  INFO 949 --- [    Test worker] org.hibernate.type.BasicTypeRegistry     : HHH000270: Type registration [java.util.UUID] overrides previous : org.hibernate.type.UUIDBinaryType@3ac06325
2018-05-15 03:30:41.979  WARN 949 --- [    Test worker] o.h.j.i.EntityManagerFactoryRegistry     : HHH000436: Entity manager factory name (default) is already registered.  If entity manager will be clustered or passivated, specify a unique value for property 'hibernate.ejb.entitymanager_factory_name'
2018-05-15 03:30:41.980  INFO 949 --- [    Test worker] j.LocalContainerEntityManagerFactoryBean : Initialized JPA EntityManagerFactory for persistence unit 'default'
2018-05-15 03:30:42.556  INFO 949 --- [    Test worker] o.h.h.i.QueryTranslatorFactoryInitiator  : HHH000397: Using ASTQueryTranslatorFactory
2018-05-15 03:30:43.416  INFO 949 --- [    Test worker] o.s.s.web.DefaultSecurityFilterChain     : Creating filter chain: org.springframework.security.web.util.matcher.AnyRequestMatcher@1, [org.springframework.security.web.context.request.async.WebAsyncManagerIntegrationFilter@7ab3369e, org.springframework.security.web.context.SecurityContextPersistenceFilter@57815fa1, org.springframework.security.web.header.HeaderWriterFilter@667c8c5, org.springframework.web.filter.CorsFilter@22d622f5, org.springframework.security.web.authentication.logout.LogoutFilter@22c875ff, org.springframework.security.web.authentication.UsernamePasswordAuthenticationFilter@414e3934, org.springframework.security.web.session.ConcurrentSessionFilter@5e4791b2, org.springframework.security.web.savedrequest.RequestCacheAwareFilter@6f188474, org.springframework.security.web.servletapi.SecurityContextHolderAwareRequestFilter@4060a640, org.springframework.security.web.authentication.AnonymousAuthenticationFilter@17ff9ae2, org.springframework.security.web.session.SessionManagementFilter@1bd6802f, org.springframework.security.web.access.ExceptionTranslationFilter@615d0251, org.springframework.security.web.access.intercept.FilterSecurityInterceptor@13497e9b]
2018-05-15 03:30:43.469  INFO 949 --- [    Test worker] o.s.s.web.DefaultSecurityFilterChain     : Creating filter chain: org.springframework.boot.actuate.autoconfigure.ManagementWebSecurityAutoConfiguration$LazyEndpointPathRequestMatcher@63159f9c, [org.springframework.security.web.context.request.async.WebAsyncManagerIntegrationFilter@54cdeac7, org.springframework.security.web.context.SecurityContextPersistenceFilter@3ac61c8d, org.springframework.security.web.header.HeaderWriterFilter@f40331f, org.springframework.web.filter.CorsFilter@7fc5aa83, org.springframework.security.web.authentication.logout.LogoutFilter@5c98683a, org.springframework.security.web.authentication.www.BasicAuthenticationFilter@4c147fbc, org.springframework.security.web.savedrequest.RequestCacheAwareFilter@1c782d8d, org.springframework.security.web.servletapi.SecurityContextHolderAwareRequestFilter@12ae3dd6, org.springframework.security.web.authentication.AnonymousAuthenticationFilter@1043d358, org.springframework.security.web.session.SessionManagementFilter@4e001f16, org.springframework.security.web.access.ExceptionTranslationFilter@5e6f1ef6, org.springframework.security.web.access.intercept.FilterSecurityInterceptor@5d6ec9b4]
2018-05-15 03:30:44.659  INFO 949 --- [    Test worker] s.w.s.m.m.a.RequestMappingHandlerAdapter : Looking for @ControllerAdvice: org.springframework.web.context.support.GenericWebApplicationContext@4af21cd1: startup date [Tue May 15 03:30:40 MSK 2018]; root of context hierarchy
2018-05-15 03:30:44.731  INFO 949 --- [    Test worker] r.pravvich.config.api.RestApiConfig$1$1  : Mapped "{[/rest/phone/get],methods=[GET]}" onto public ru.pravvich.web.phone.PhoneRest ru.pravvich.web.phone.PhoneController.get(int)
2018-05-15 03:30:44.732  INFO 949 --- [    Test worker] r.pravvich.config.api.RestApiConfig$1$1  : Mapped "{[/rest/phone/update],methods=[POST]}" onto public ru.pravvich.web.phone.PhoneRest ru.pravvich.web.phone.PhoneController.update(ru.pravvich.web.phone.PhoneRest)
2018-05-15 03:30:44.735  INFO 949 --- [    Test worker] r.pravvich.config.api.RestApiConfig$1$1  : Mapped "{[/rest/phone/delete],methods=[POST]}" onto public void ru.pravvich.web.phone.PhoneController.delete(int)
2018-05-15 03:30:44.741  INFO 949 --- [    Test worker] r.pravvich.config.api.RestApiConfig$1$1  : Mapped "{[/rest/phone/list],methods=[GET]}" onto public ru.pravvich.web.common.RestList ru.pravvich.web.phone.PhoneController.list(java.lang.Integer,java.lang.Integer,java.lang.Integer,java.lang.String,java.lang.String,java.lang.String,java.lang.String,java.lang.String,java.lang.String,java.lang.Long,java.lang.Long)
2018-05-15 03:30:44.742  INFO 949 --- [    Test worker] r.pravvich.config.api.RestApiConfig$1$1  : Mapped "{[/rest/phone/save],methods=[POST]}" onto public ru.pravvich.web.phone.PhoneRest ru.pravvich.web.phone.PhoneController.save(ru.pravvich.web.phone.PhoneRest)
2018-05-15 03:30:44.750  INFO 949 --- [    Test worker] r.pravvich.config.api.RestApiConfig$1$1  : Mapped "{[/rest/social_account/get],methods=[GET]}" onto public ru.pravvich.web.social.SocialAccountRest ru.pravvich.web.social.SocialAccountController.get(int)
2018-05-15 03:30:44.751  INFO 949 --- [    Test worker] r.pravvich.config.api.RestApiConfig$1$1  : Mapped "{[/rest/social_account/update],methods=[POST]}" onto public ru.pravvich.web.social.SocialAccountRest ru.pravvich.web.social.SocialAccountController.update(ru.pravvich.web.social.SocialAccountRest)
2018-05-15 03:30:44.752  INFO 949 --- [    Test worker] r.pravvich.config.api.RestApiConfig$1$1  : Mapped "{[/rest/social_account/delete],methods=[POST]}" onto public void ru.pravvich.web.social.SocialAccountController.delete(int)
2018-05-15 03:30:44.774  INFO 949 --- [    Test worker] r.pravvich.config.api.RestApiConfig$1$1  : Mapped "{[/rest/social_account/list],methods=[GET]}" onto public ru.pravvich.web.common.RestList ru.pravvich.web.social.SocialAccountController.list(java.lang.Integer,java.lang.Integer,java.lang.Integer,java.lang.String,java.lang.String,java.lang.String,java.lang.String,java.lang.String,java.lang.Integer,java.lang.Integer,java.lang.Long,java.lang.Long)
2018-05-15 03:30:44.775  INFO 949 --- [    Test worker] r.pravvich.config.api.RestApiConfig$1$1  : Mapped "{[/rest/social_account/save],methods=[POST]}" onto public ru.pravvich.web.social.SocialAccountRest ru.pravvich.web.social.SocialAccountController.save(ru.pravvich.web.social.SocialAccountRest)
2018-05-15 03:30:44.784  INFO 949 --- [    Test worker] r.pravvich.config.api.RestApiConfig$1$1  : Mapped "{[/rest/user/logout],methods=[POST]}" onto public void ru.pravvich.web.user.UserController.logout(ru.pravvich.web.user.UserRest)
2018-05-15 03:30:44.785  INFO 949 --- [    Test worker] r.pravvich.config.api.RestApiConfig$1$1  : Mapped "{[/rest/user/is_logged],methods=[GET]}" onto public java.lang.Boolean ru.pravvich.web.user.UserController.isLoggedIn()
2018-05-15 03:30:44.789  INFO 949 --- [    Test worker] r.pravvich.config.api.RestApiConfig$1$1  : Mapped "{[/rest/user/registration],methods=[POST]}" onto public ru.pravvich.web.user.UserRest ru.pravvich.web.user.UserController.registration(ru.pravvich.web.user.UserRest)
2018-05-15 03:30:44.792  INFO 949 --- [    Test worker] r.pravvich.config.api.RestApiConfig$1$1  : Mapped "{[/rest/vds/get],methods=[GET]}" onto public ru.pravvich.web.vds.VdsRest ru.pravvich.web.vds.VdsController.get(int)
2018-05-15 03:30:44.793  INFO 949 --- [    Test worker] r.pravvich.config.api.RestApiConfig$1$1  : Mapped "{[/rest/vds/update],methods=[POST]}" onto public ru.pravvich.web.vds.VdsRest ru.pravvich.web.vds.VdsController.update(ru.pravvich.web.vds.VdsRest)
2018-05-15 03:30:44.794  INFO 949 --- [    Test worker] r.pravvich.config.api.RestApiConfig$1$1  : Mapped "{[/rest/vds/delete],methods=[POST]}" onto public void ru.pravvich.web.vds.VdsController.delete(int)
2018-05-15 03:30:44.796  INFO 949 --- [    Test worker] r.pravvich.config.api.RestApiConfig$1$1  : Mapped "{[/rest/vds/list],methods=[GET]}" onto public ru.pravvich.web.common.RestList ru.pravvich.web.vds.VdsController.list(java.lang.Integer,java.lang.Integer,java.lang.String,java.lang.Integer,java.lang.String,java.lang.String,java.lang.String,java.lang.Boolean,java.lang.Long,java.lang.Long)
2018-05-15 03:30:44.797  INFO 949 --- [    Test worker] r.pravvich.config.api.RestApiConfig$1$1  : Mapped "{[/rest/vds/save],methods=[POST]}" onto public ru.pravvich.web.vds.VdsRest ru.pravvich.web.vds.VdsController.save(ru.pravvich.web.vds.VdsRest)
2018-05-15 03:30:44.802  INFO 949 --- [    Test worker] r.pravvich.config.api.RestApiConfig$1$1  : Mapped "{[/error]}" onto public org.springframework.http.ResponseEntity<java.util.Map<java.lang.String, java.lang.Object>> org.springframework.boot.autoconfigure.web.BasicErrorController.error(javax.servlet.http.HttpServletRequest)
2018-05-15 03:30:44.804  INFO 949 --- [    Test worker] r.pravvich.config.api.RestApiConfig$1$1  : Mapped "{[/error],produces=[text/html]}" onto public org.springframework.web.servlet.ModelAndView org.springframework.boot.autoconfigure.web.BasicErrorController.errorHtml(javax.servlet.http.HttpServletRequest,javax.servlet.http.HttpServletResponse)
2018-05-15 03:30:44.981  INFO 949 --- [    Test worker] o.s.w.s.handler.SimpleUrlHandlerMapping  : Mapped URL path [/webjars/**] onto handler of type [class org.springframework.web.servlet.resource.ResourceHttpRequestHandler]
2018-05-15 03:30:44.982  INFO 949 --- [    Test worker] o.s.w.s.handler.SimpleUrlHandlerMapping  : Mapped URL path [/**] onto handler of type [class org.springframework.web.servlet.resource.ResourceHttpRequestHandler]
2018-05-15 03:30:45.270  INFO 949 --- [    Test worker] o.s.w.s.handler.SimpleUrlHandlerMapping  : Mapped URL path [/**/favicon.ico] onto handler of type [class org.springframework.web.servlet.resource.ResourceHttpRequestHandler]
2018-05-15 03:30:47.373  INFO 949 --- [    Test worker] o.s.b.a.e.mvc.EndpointHandlerMapping     : Mapped "{[/trace || /trace.json],methods=[GET],produces=[application/vnd.spring-boot.actuator.v1+json || application/json]}" onto public java.lang.Object org.springframework.boot.actuate.endpoint.mvc.EndpointMvcAdapter.invoke()
2018-05-15 03:30:47.376  INFO 949 --- [    Test worker] o.s.b.a.e.mvc.EndpointHandlerMapping     : Mapped "{[/beans || /beans.json],methods=[GET],produces=[application/vnd.spring-boot.actuator.v1+json || application/json]}" onto public java.lang.Object org.springframework.boot.actuate.endpoint.mvc.EndpointMvcAdapter.invoke()
2018-05-15 03:30:47.378  INFO 949 --- [    Test worker] o.s.b.a.e.mvc.EndpointHandlerMapping     : Mapped "{[/health || /health.json],methods=[GET],produces=[application/vnd.spring-boot.actuator.v1+json || application/json]}" onto public java.lang.Object org.springframework.boot.actuate.endpoint.mvc.HealthMvcEndpoint.invoke(javax.servlet.http.HttpServletRequest,java.security.Principal)
2018-05-15 03:30:47.380  INFO 949 --- [    Test worker] o.s.b.a.e.mvc.EndpointHandlerMapping     : Mapped "{[/mappings || /mappings.json],methods=[GET],produces=[application/vnd.spring-boot.actuator.v1+json || application/json]}" onto public java.lang.Object org.springframework.boot.actuate.endpoint.mvc.EndpointMvcAdapter.invoke()
2018-05-15 03:30:47.382  INFO 949 --- [    Test worker] o.s.b.a.e.mvc.EndpointHandlerMapping     : Mapped "{[/metrics/{name:.*}],methods=[GET],produces=[application/vnd.spring-boot.actuator.v1+json || application/json]}" onto public java.lang.Object org.springframework.boot.actuate.endpoint.mvc.MetricsMvcEndpoint.value(java.lang.String)
2018-05-15 03:30:47.383  INFO 949 --- [    Test worker] o.s.b.a.e.mvc.EndpointHandlerMapping     : Mapped "{[/metrics || /metrics.json],methods=[GET],produces=[application/vnd.spring-boot.actuator.v1+json || application/json]}" onto public java.lang.Object org.springframework.boot.actuate.endpoint.mvc.EndpointMvcAdapter.invoke()
2018-05-15 03:30:47.388  INFO 949 --- [    Test worker] o.s.b.a.e.mvc.EndpointHandlerMapping     : Mapped "{[/auditevents || /auditevents.json],methods=[GET],produces=[application/vnd.spring-boot.actuator.v1+json || application/json]}" onto public org.springframework.http.ResponseEntity<?> org.springframework.boot.actuate.endpoint.mvc.AuditEventsMvcEndpoint.findByPrincipalAndAfterAndType(java.lang.String,java.util.Date,java.lang.String)
2018-05-15 03:30:47.391  INFO 949 --- [    Test worker] o.s.b.a.e.mvc.EndpointHandlerMapping     : Mapped "{[/loggers/{name:.*}],methods=[GET],produces=[application/vnd.spring-boot.actuator.v1+json || application/json]}" onto public java.lang.Object org.springframework.boot.actuate.endpoint.mvc.LoggersMvcEndpoint.get(java.lang.String)
2018-05-15 03:30:47.392  INFO 949 --- [    Test worker] o.s.b.a.e.mvc.EndpointHandlerMapping     : Mapped "{[/loggers/{name:.*}],methods=[POST],consumes=[application/vnd.spring-boot.actuator.v1+json || application/json],produces=[application/vnd.spring-boot.actuator.v1+json || application/json]}" onto public java.lang.Object org.springframework.boot.actuate.endpoint.mvc.LoggersMvcEndpoint.set(java.lang.String,java.util.Map<java.lang.String, java.lang.String>)
2018-05-15 03:30:47.394  INFO 949 --- [    Test worker] o.s.b.a.e.mvc.EndpointHandlerMapping     : Mapped "{[/loggers || /loggers.json],methods=[GET],produces=[application/vnd.spring-boot.actuator.v1+json || application/json]}" onto public java.lang.Object org.springframework.boot.actuate.endpoint.mvc.EndpointMvcAdapter.invoke()
2018-05-15 03:30:47.396  INFO 949 --- [    Test worker] o.s.b.a.e.mvc.EndpointHandlerMapping     : Mapped "{[/dump || /dump.json],methods=[GET],produces=[application/vnd.spring-boot.actuator.v1+json || application/json]}" onto public java.lang.Object org.springframework.boot.actuate.endpoint.mvc.EndpointMvcAdapter.invoke()
2018-05-15 03:30:47.397  INFO 949 --- [    Test worker] o.s.b.a.e.mvc.EndpointHandlerMapping     : Mapped "{[/env/{name:.*}],methods=[GET],produces=[application/vnd.spring-boot.actuator.v1+json || application/json]}" onto public java.lang.Object org.springframework.boot.actuate.endpoint.mvc.EnvironmentMvcEndpoint.value(java.lang.String)
2018-05-15 03:30:47.398  INFO 949 --- [    Test worker] o.s.b.a.e.mvc.EndpointHandlerMapping     : Mapped "{[/env || /env.json],methods=[GET],produces=[application/vnd.spring-boot.actuator.v1+json || application/json]}" onto public java.lang.Object org.springframework.boot.actuate.endpoint.mvc.EndpointMvcAdapter.invoke()
2018-05-15 03:30:47.400  INFO 949 --- [    Test worker] o.s.b.a.e.mvc.EndpointHandlerMapping     : Mapped "{[/heapdump || /heapdump.json],methods=[GET],produces=[application/octet-stream]}" onto public void org.springframework.boot.actuate.endpoint.mvc.HeapdumpMvcEndpoint.invoke(boolean,javax.servlet.http.HttpServletRequest,javax.servlet.http.HttpServletResponse) throws java.io.IOException,javax.servlet.ServletException
2018-05-15 03:30:47.402  INFO 949 --- [    Test worker] o.s.b.a.e.mvc.EndpointHandlerMapping     : Mapped "{[/info || /info.json],methods=[GET],produces=[application/vnd.spring-boot.actuator.v1+json || application/json]}" onto public java.lang.Object org.springframework.boot.actuate.endpoint.mvc.EndpointMvcAdapter.invoke()
2018-05-15 03:30:47.404  INFO 949 --- [    Test worker] o.s.b.a.e.mvc.EndpointHandlerMapping     : Mapped "{[/autoconfig || /autoconfig.json],methods=[GET],produces=[application/vnd.spring-boot.actuator.v1+json || application/json]}" onto public java.lang.Object org.springframework.boot.actuate.endpoint.mvc.EndpointMvcAdapter.invoke()
2018-05-15 03:30:47.405  INFO 949 --- [    Test worker] o.s.b.a.e.mvc.EndpointHandlerMapping     : Mapped "{[/configprops || /configprops.json],methods=[GET],produces=[application/vnd.spring-boot.actuator.v1+json || application/json]}" onto public java.lang.Object org.springframework.boot.actuate.endpoint.mvc.EndpointMvcAdapter.invoke()
2018-05-15 03:30:48.953  INFO 949 --- [    Test worker] ru.pravvich.web.vds.VdsControllerTest    : Started VdsControllerTest in 9.014 seconds (JVM running for 41.226)
]]></system-out>
  <system-err><![CDATA[]]></system-err>
</testsuite>
