<?xml version="1.0" encoding="UTF-8"?>
<testsuite name="ru.pravvich.web.phone.PhoneControllerTest" tests="7" skipped="0" failures="0" errors="0" timestamp="2018-05-15T01:11:18" hostname="Mac-mini-Pavel.local" time="0.134">
  <properties/>
  <testcase name="whenCallListWithRegDateNullThenReturnData" classname="ru.pravvich.web.phone.PhoneControllerTest" time="0.027"/>
  <testcase name="whenCallListWithRegDateNonNullThenReturnData" classname="ru.pravvich.web.phone.PhoneControllerTest" time="0.01"/>
  <testcase name="whenUpdatePhoneThenReturnSamePhone" classname="ru.pravvich.web.phone.PhoneControllerTest" time="0.036"/>
  <testcase name="whenDelete" classname="ru.pravvich.web.phone.PhoneControllerTest" time="0.008"/>
  <testcase name="whenEquals" classname="ru.pravvich.web.phone.PhoneControllerTest" time="0.008"/>
  <testcase name="whenSavePhoneThenReturnSamePhone" classname="ru.pravvich.web.phone.PhoneControllerTest" time="0.009"/>
  <testcase name="whenCallGetThenThenGotPhone" classname="ru.pravvich.web.phone.PhoneControllerTest" time="0.015"/>
  <system-out><![CDATA[2018-05-15 04:11:13.118  INFO 1244 --- [    Test worker] .b.t.c.SpringBootTestContextBootstrapper : Neither @ContextConfiguration nor @ContextHierarchy found for test class [ru.pravvich.web.phone.PhoneControllerTest], using SpringBootContextLoader
2018-05-15 04:11:13.121  INFO 1244 --- [    Test worker] o.s.t.c.support.AbstractContextLoader    : Could not detect default resource locations for test class [ru.pravvich.web.phone.PhoneControllerTest]: no resource found for suffixes {-context.xml, Context.groovy}.
2018-05-15 04:11:13.123  INFO 1244 --- [    Test worker] t.c.s.AnnotationConfigContextLoaderUtils : Could not detect default configuration classes for test class [ru.pravvich.web.phone.PhoneControllerTest]: PhoneControllerTest does not declare any static, non-private, non-final, nested classes annotated with @Configuration.
2018-05-15 04:11:13.150  INFO 1244 --- [    Test worker] .b.t.c.SpringBootTestContextBootstrapper : Found @SpringBootConfiguration ru.pravvich.Application for test class ru.pravvich.web.phone.PhoneControllerTest
2018-05-15 04:11:13.158  INFO 1244 --- [    Test worker] .b.t.c.SpringBootTestContextBootstrapper : Loaded default TestExecutionListener class names from location [META-INF/spring.factories]: [org.springframework.boot.test.autoconfigure.restdocs.RestDocsTestExecutionListener, org.springframework.boot.test.autoconfigure.web.client.MockRestServiceServerResetTestExecutionListener, org.springframework.boot.test.autoconfigure.web.servlet.MockMvcPrintOnlyOnFailureTestExecutionListener, org.springframework.boot.test.autoconfigure.web.servlet.WebDriverTestExecutionListener, org.springframework.boot.test.mock.mockito.MockitoTestExecutionListener, org.springframework.boot.test.mock.mockito.ResetMocksTestExecutionListener, org.springframework.test.context.web.ServletTestExecutionListener, org.springframework.test.context.support.DirtiesContextBeforeModesTestExecutionListener, org.springframework.test.context.support.DependencyInjectionTestExecutionListener, org.springframework.test.context.support.DirtiesContextTestExecutionListener, org.springframework.test.context.transaction.TransactionalTestExecutionListener, org.springframework.test.context.jdbc.SqlScriptsTestExecutionListener]
2018-05-15 04:11:13.163  INFO 1244 --- [    Test worker] .b.t.c.SpringBootTestContextBootstrapper : Using TestExecutionListeners: [org.springframework.test.context.web.ServletTestExecutionListener@7001c092, org.springframework.test.context.support.DirtiesContextBeforeModesTestExecutionListener@59b2e2fe, org.springframework.boot.test.autoconfigure.SpringBootDependencyInjectionTestExecutionListener@46beb590, org.springframework.test.context.support.DirtiesContextTestExecutionListener@c192ba, org.springframework.test.context.transaction.TransactionalTestExecutionListener@7ebad760, org.springframework.test.context.jdbc.SqlScriptsTestExecutionListener@30517f5b, org.springframework.boot.test.mock.mockito.ResetMocksTestExecutionListener@3f04ef4, org.springframework.boot.test.autoconfigure.restdocs.RestDocsTestExecutionListener@f285872, org.springframework.boot.test.autoconfigure.web.servlet.MockMvcPrintOnlyOnFailureTestExecutionListener@27019f20, org.springframework.boot.test.mock.mockito.MockitoTestExecutionListener@1c91873c, org.springframework.boot.test.autoconfigure.web.client.MockRestServiceServerResetTestExecutionListener@1d97fdb4, org.springframework.boot.test.autoconfigure.web.servlet.WebDriverTestExecutionListener@50b1ddbc]

  .   ____          _            __ _ _
 /\\ / ___'_ __ _ _(_)_ __  __ _ \ \ \ \
( ( )\___ | '_ | '_| | '_ \/ _` | \ \ \ \
 \\/  ___)| |_)| | | | | || (_| |  ) ) ) )
  '  |____| .__|_| |_|_| |_\__, | / / / /
 =========|_|==============|___/=/_/_/_/
 :: Spring Boot ::        (v1.5.9.RELEASE)

2018-05-15 04:11:13.237  INFO 1244 --- [    Test worker] r.p.web.phone.PhoneControllerTest        : Starting PhoneControllerTest on Mac-mini-Pavel.local with PID 1244 (started by pavel in /Users/pavel/GitHub/account-manager-server)
2018-05-15 04:11:13.237  INFO 1244 --- [    Test worker] r.p.web.phone.PhoneControllerTest        : No active profile set, falling back to default profiles: default
2018-05-15 04:11:13.241  INFO 1244 --- [    Test worker] o.s.w.c.s.GenericWebApplicationContext   : Refreshing org.springframework.web.context.support.GenericWebApplicationContext@6ae8bfff: startup date [Tue May 15 04:11:13 MSK 2018]; root of context hierarchy
2018-05-15 04:11:14.812  INFO 1244 --- [    Test worker] j.LocalContainerEntityManagerFactoryBean : Building JPA container EntityManagerFactory for persistence unit 'default'
2018-05-15 04:11:14.812  INFO 1244 --- [    Test worker] o.hibernate.jpa.internal.util.LogHelper  : HHH000204: Processing PersistenceUnitInfo [
	name: default
	...]
2018-05-15 04:11:14.828  INFO 1244 --- [    Test worker] org.hibernate.dialect.Dialect            : HHH000400: Using dialect: org.hibernate.dialect.PostgreSQLDialect
2018-05-15 04:11:14.972  INFO 1244 --- [    Test worker] o.h.e.j.e.i.LobCreatorBuilderImpl        : HHH000424: Disabling contextual LOB creation as createClob() method threw error : java.lang.reflect.InvocationTargetException
2018-05-15 04:11:14.972  INFO 1244 --- [    Test worker] org.hibernate.type.BasicTypeRegistry     : HHH000270: Type registration [java.util.UUID] overrides previous : org.hibernate.type.UUIDBinaryType@3c8fc343
2018-05-15 04:11:15.121  WARN 1244 --- [    Test worker] o.h.j.i.EntityManagerFactoryRegistry     : HHH000436: Entity manager factory name (default) is already registered.  If entity manager will be clustered or passivated, specify a unique value for property 'hibernate.ejb.entitymanager_factory_name'
2018-05-15 04:11:15.122  INFO 1244 --- [    Test worker] j.LocalContainerEntityManagerFactoryBean : Initialized JPA EntityManagerFactory for persistence unit 'default'
2018-05-15 04:11:15.720  INFO 1244 --- [    Test worker] o.h.h.i.QueryTranslatorFactoryInitiator  : HHH000397: Using ASTQueryTranslatorFactory
2018-05-15 04:11:16.117  INFO 1244 --- [    Test worker] o.s.s.web.DefaultSecurityFilterChain     : Creating filter chain: org.springframework.security.web.util.matcher.AnyRequestMatcher@1, [org.springframework.security.web.context.request.async.WebAsyncManagerIntegrationFilter@7c27af6e, org.springframework.security.web.context.SecurityContextPersistenceFilter@6c0ce806, org.springframework.security.web.header.HeaderWriterFilter@9896e66, org.springframework.web.filter.CorsFilter@1d86d6c7, org.springframework.security.web.authentication.logout.LogoutFilter@1324d381, org.springframework.security.web.authentication.UsernamePasswordAuthenticationFilter@261453a, org.springframework.security.web.session.ConcurrentSessionFilter@2372f807, org.springframework.security.web.savedrequest.RequestCacheAwareFilter@2eb441bf, org.springframework.security.web.servletapi.SecurityContextHolderAwareRequestFilter@27a2a5b2, org.springframework.security.web.authentication.AnonymousAuthenticationFilter@680bc7f, org.springframework.security.web.session.SessionManagementFilter@7faed625, org.springframework.security.web.access.ExceptionTranslationFilter@349f65da, org.springframework.security.web.access.intercept.FilterSecurityInterceptor@42b46e9b]
2018-05-15 04:11:16.141  INFO 1244 --- [    Test worker] o.s.s.web.DefaultSecurityFilterChain     : Creating filter chain: org.springframework.boot.actuate.autoconfigure.ManagementWebSecurityAutoConfiguration$LazyEndpointPathRequestMatcher@3c2fbeb5, [org.springframework.security.web.context.request.async.WebAsyncManagerIntegrationFilter@2a8e2cf4, org.springframework.security.web.context.SecurityContextPersistenceFilter@5bcba253, org.springframework.security.web.header.HeaderWriterFilter@483ade35, org.springframework.web.filter.CorsFilter@7c6e34e1, org.springframework.security.web.authentication.logout.LogoutFilter@2acb8bec, org.springframework.security.web.authentication.www.BasicAuthenticationFilter@574496cc, org.springframework.security.web.savedrequest.RequestCacheAwareFilter@5e9d16d2, org.springframework.security.web.servletapi.SecurityContextHolderAwareRequestFilter@4048a042, org.springframework.security.web.authentication.AnonymousAuthenticationFilter@f6f2f56, org.springframework.security.web.session.SessionManagementFilter@3ffaa26d, org.springframework.security.web.access.ExceptionTranslationFilter@1f334c14, org.springframework.security.web.access.intercept.FilterSecurityInterceptor@1ca943ff]
2018-05-15 04:11:16.500  INFO 1244 --- [    Test worker] s.w.s.m.m.a.RequestMappingHandlerAdapter : Looking for @ControllerAdvice: org.springframework.web.context.support.GenericWebApplicationContext@6ae8bfff: startup date [Tue May 15 04:11:13 MSK 2018]; root of context hierarchy
2018-05-15 04:11:16.547  INFO 1244 --- [    Test worker] r.pravvich.config.api.RestApiConfig$1$1  : Mapped "{[/rest/phone/get],methods=[GET]}" onto public ru.pravvich.web.phone.PhoneRest ru.pravvich.web.phone.PhoneController.get(int)
2018-05-15 04:11:16.549  INFO 1244 --- [    Test worker] r.pravvich.config.api.RestApiConfig$1$1  : Mapped "{[/rest/phone/update],methods=[POST]}" onto public ru.pravvich.web.phone.PhoneRest ru.pravvich.web.phone.PhoneController.update(ru.pravvich.web.phone.PhoneRest)
2018-05-15 04:11:16.550  INFO 1244 --- [    Test worker] r.pravvich.config.api.RestApiConfig$1$1  : Mapped "{[/rest/phone/delete],methods=[POST]}" onto public void ru.pravvich.web.phone.PhoneController.delete(int)
2018-05-15 04:11:16.551  INFO 1244 --- [    Test worker] r.pravvich.config.api.RestApiConfig$1$1  : Mapped "{[/rest/phone/list],methods=[GET]}" onto public ru.pravvich.web.common.RestList ru.pravvich.web.phone.PhoneController.list(java.lang.Integer,java.lang.Integer,java.lang.Integer,java.lang.String,java.lang.String,java.lang.String,java.lang.String,java.lang.String,java.lang.String,java.lang.Long,java.lang.Long)
2018-05-15 04:11:16.552  INFO 1244 --- [    Test worker] r.pravvich.config.api.RestApiConfig$1$1  : Mapped "{[/rest/phone/save],methods=[POST]}" onto public ru.pravvich.web.phone.PhoneRest ru.pravvich.web.phone.PhoneController.save(ru.pravvich.web.phone.PhoneRest)
2018-05-15 04:11:16.560  INFO 1244 --- [    Test worker] r.pravvich.config.api.RestApiConfig$1$1  : Mapped "{[/rest/social_account/get],methods=[GET]}" onto public ru.pravvich.web.social.SocialAccountRest ru.pravvich.web.social.SocialAccountController.get(int)
2018-05-15 04:11:16.561  INFO 1244 --- [    Test worker] r.pravvich.config.api.RestApiConfig$1$1  : Mapped "{[/rest/social_account/update],methods=[POST]}" onto public ru.pravvich.web.social.SocialAccountRest ru.pravvich.web.social.SocialAccountController.update(ru.pravvich.web.social.SocialAccountRest)
2018-05-15 04:11:16.562  INFO 1244 --- [    Test worker] r.pravvich.config.api.RestApiConfig$1$1  : Mapped "{[/rest/social_account/delete],methods=[POST]}" onto public void ru.pravvich.web.social.SocialAccountController.delete(int)
2018-05-15 04:11:16.563  INFO 1244 --- [    Test worker] r.pravvich.config.api.RestApiConfig$1$1  : Mapped "{[/rest/social_account/list],methods=[GET]}" onto public ru.pravvich.web.common.RestList ru.pravvich.web.social.SocialAccountController.list(java.lang.Integer,java.lang.Integer,java.lang.Integer,java.lang.String,java.lang.String,java.lang.String,java.lang.String,java.lang.String,java.lang.Integer,java.lang.Integer,java.lang.Long,java.lang.Long)
2018-05-15 04:11:16.564  INFO 1244 --- [    Test worker] r.pravvich.config.api.RestApiConfig$1$1  : Mapped "{[/rest/social_account/save],methods=[POST]}" onto public ru.pravvich.web.social.SocialAccountRest ru.pravvich.web.social.SocialAccountController.save(ru.pravvich.web.social.SocialAccountRest)
2018-05-15 04:11:16.566  INFO 1244 --- [    Test worker] r.pravvich.config.api.RestApiConfig$1$1  : Mapped "{[/rest/user/registration],methods=[POST]}" onto public ru.pravvich.web.user.UserRest ru.pravvich.web.user.UserController.registration(ru.pravvich.web.user.UserRest)
2018-05-15 04:11:16.567  INFO 1244 --- [    Test worker] r.pravvich.config.api.RestApiConfig$1$1  : Mapped "{[/rest/user/logout],methods=[POST]}" onto public void ru.pravvich.web.user.UserController.logout(ru.pravvich.web.user.UserRest)
2018-05-15 04:11:16.567  INFO 1244 --- [    Test worker] r.pravvich.config.api.RestApiConfig$1$1  : Mapped "{[/rest/user/is_logged],methods=[GET]}" onto public java.lang.Boolean ru.pravvich.web.user.UserController.isLoggedIn()
2018-05-15 04:11:16.574  INFO 1244 --- [    Test worker] r.pravvich.config.api.RestApiConfig$1$1  : Mapped "{[/rest/vds/get],methods=[GET]}" onto public ru.pravvich.web.vds.VdsRest ru.pravvich.web.vds.VdsController.get(int)
2018-05-15 04:11:16.575  INFO 1244 --- [    Test worker] r.pravvich.config.api.RestApiConfig$1$1  : Mapped "{[/rest/vds/update],methods=[POST]}" onto public ru.pravvich.web.vds.VdsRest ru.pravvich.web.vds.VdsController.update(ru.pravvich.web.vds.VdsRest)
2018-05-15 04:11:16.576  INFO 1244 --- [    Test worker] r.pravvich.config.api.RestApiConfig$1$1  : Mapped "{[/rest/vds/delete],methods=[POST]}" onto public void ru.pravvich.web.vds.VdsController.delete(int)
2018-05-15 04:11:16.577  INFO 1244 --- [    Test worker] r.pravvich.config.api.RestApiConfig$1$1  : Mapped "{[/rest/vds/list],methods=[GET]}" onto public ru.pravvich.web.common.RestList ru.pravvich.web.vds.VdsController.list(java.lang.Integer,java.lang.Integer,java.lang.String,java.lang.Integer,java.lang.String,java.lang.String,java.lang.String,java.lang.Boolean,java.lang.Long,java.lang.Long)
2018-05-15 04:11:16.578  INFO 1244 --- [    Test worker] r.pravvich.config.api.RestApiConfig$1$1  : Mapped "{[/rest/vds/save],methods=[POST]}" onto public ru.pravvich.web.vds.VdsRest ru.pravvich.web.vds.VdsController.save(ru.pravvich.web.vds.VdsRest)
2018-05-15 04:11:16.582  INFO 1244 --- [    Test worker] r.pravvich.config.api.RestApiConfig$1$1  : Mapped "{[/error]}" onto public org.springframework.http.ResponseEntity<java.util.Map<java.lang.String, java.lang.Object>> org.springframework.boot.autoconfigure.web.BasicErrorController.error(javax.servlet.http.HttpServletRequest)
2018-05-15 04:11:16.583  INFO 1244 --- [    Test worker] r.pravvich.config.api.RestApiConfig$1$1  : Mapped "{[/error],produces=[text/html]}" onto public org.springframework.web.servlet.ModelAndView org.springframework.boot.autoconfigure.web.BasicErrorController.errorHtml(javax.servlet.http.HttpServletRequest,javax.servlet.http.HttpServletResponse)
2018-05-15 04:11:16.644  INFO 1244 --- [    Test worker] o.s.w.s.handler.SimpleUrlHandlerMapping  : Mapped URL path [/webjars/**] onto handler of type [class org.springframework.web.servlet.resource.ResourceHttpRequestHandler]
2018-05-15 04:11:16.645  INFO 1244 --- [    Test worker] o.s.w.s.handler.SimpleUrlHandlerMapping  : Mapped URL path [/**] onto handler of type [class org.springframework.web.servlet.resource.ResourceHttpRequestHandler]
2018-05-15 04:11:16.712  INFO 1244 --- [    Test worker] o.s.w.s.handler.SimpleUrlHandlerMapping  : Mapped URL path [/**/favicon.ico] onto handler of type [class org.springframework.web.servlet.resource.ResourceHttpRequestHandler]
2018-05-15 04:11:17.428  INFO 1244 --- [    Test worker] o.s.b.a.e.mvc.EndpointHandlerMapping     : Mapped "{[/auditevents || /auditevents.json],methods=[GET],produces=[application/vnd.spring-boot.actuator.v1+json || application/json]}" onto public org.springframework.http.ResponseEntity<?> org.springframework.boot.actuate.endpoint.mvc.AuditEventsMvcEndpoint.findByPrincipalAndAfterAndType(java.lang.String,java.util.Date,java.lang.String)
2018-05-15 04:11:17.430  INFO 1244 --- [    Test worker] o.s.b.a.e.mvc.EndpointHandlerMapping     : Mapped "{[/metrics/{name:.*}],methods=[GET],produces=[application/vnd.spring-boot.actuator.v1+json || application/json]}" onto public java.lang.Object org.springframework.boot.actuate.endpoint.mvc.MetricsMvcEndpoint.value(java.lang.String)
2018-05-15 04:11:17.430  INFO 1244 --- [    Test worker] o.s.b.a.e.mvc.EndpointHandlerMapping     : Mapped "{[/metrics || /metrics.json],methods=[GET],produces=[application/vnd.spring-boot.actuator.v1+json || application/json]}" onto public java.lang.Object org.springframework.boot.actuate.endpoint.mvc.EndpointMvcAdapter.invoke()
2018-05-15 04:11:17.433  INFO 1244 --- [    Test worker] o.s.b.a.e.mvc.EndpointHandlerMapping     : Mapped "{[/trace || /trace.json],methods=[GET],produces=[application/vnd.spring-boot.actuator.v1+json || application/json]}" onto public java.lang.Object org.springframework.boot.actuate.endpoint.mvc.EndpointMvcAdapter.invoke()
2018-05-15 04:11:17.436  INFO 1244 --- [    Test worker] o.s.b.a.e.mvc.EndpointHandlerMapping     : Mapped "{[/configprops || /configprops.json],methods=[GET],produces=[application/vnd.spring-boot.actuator.v1+json || application/json]}" onto public java.lang.Object org.springframework.boot.actuate.endpoint.mvc.EndpointMvcAdapter.invoke()
2018-05-15 04:11:17.441  INFO 1244 --- [    Test worker] o.s.b.a.e.mvc.EndpointHandlerMapping     : Mapped "{[/health || /health.json],methods=[GET],produces=[application/vnd.spring-boot.actuator.v1+json || application/json]}" onto public java.lang.Object org.springframework.boot.actuate.endpoint.mvc.HealthMvcEndpoint.invoke(javax.servlet.http.HttpServletRequest,java.security.Principal)
2018-05-15 04:11:17.443  INFO 1244 --- [    Test worker] o.s.b.a.e.mvc.EndpointHandlerMapping     : Mapped "{[/beans || /beans.json],methods=[GET],produces=[application/vnd.spring-boot.actuator.v1+json || application/json]}" onto public java.lang.Object org.springframework.boot.actuate.endpoint.mvc.EndpointMvcAdapter.invoke()
2018-05-15 04:11:17.444  INFO 1244 --- [    Test worker] o.s.b.a.e.mvc.EndpointHandlerMapping     : Mapped "{[/dump || /dump.json],methods=[GET],produces=[application/vnd.spring-boot.actuator.v1+json || application/json]}" onto public java.lang.Object org.springframework.boot.actuate.endpoint.mvc.EndpointMvcAdapter.invoke()
2018-05-15 04:11:17.447  INFO 1244 --- [    Test worker] o.s.b.a.e.mvc.EndpointHandlerMapping     : Mapped "{[/loggers/{name:.*}],methods=[GET],produces=[application/vnd.spring-boot.actuator.v1+json || application/json]}" onto public java.lang.Object org.springframework.boot.actuate.endpoint.mvc.LoggersMvcEndpoint.get(java.lang.String)
2018-05-15 04:11:17.448  INFO 1244 --- [    Test worker] o.s.b.a.e.mvc.EndpointHandlerMapping     : Mapped "{[/loggers/{name:.*}],methods=[POST],consumes=[application/vnd.spring-boot.actuator.v1+json || application/json],produces=[application/vnd.spring-boot.actuator.v1+json || application/json]}" onto public java.lang.Object org.springframework.boot.actuate.endpoint.mvc.LoggersMvcEndpoint.set(java.lang.String,java.util.Map<java.lang.String, java.lang.String>)
2018-05-15 04:11:17.449  INFO 1244 --- [    Test worker] o.s.b.a.e.mvc.EndpointHandlerMapping     : Mapped "{[/loggers || /loggers.json],methods=[GET],produces=[application/vnd.spring-boot.actuator.v1+json || application/json]}" onto public java.lang.Object org.springframework.boot.actuate.endpoint.mvc.EndpointMvcAdapter.invoke()
2018-05-15 04:11:17.452  INFO 1244 --- [    Test worker] o.s.b.a.e.mvc.EndpointHandlerMapping     : Mapped "{[/mappings || /mappings.json],methods=[GET],produces=[application/vnd.spring-boot.actuator.v1+json || application/json]}" onto public java.lang.Object org.springframework.boot.actuate.endpoint.mvc.EndpointMvcAdapter.invoke()
2018-05-15 04:11:17.455  INFO 1244 --- [    Test worker] o.s.b.a.e.mvc.EndpointHandlerMapping     : Mapped "{[/info || /info.json],methods=[GET],produces=[application/vnd.spring-boot.actuator.v1+json || application/json]}" onto public java.lang.Object org.springframework.boot.actuate.endpoint.mvc.EndpointMvcAdapter.invoke()
2018-05-15 04:11:17.459  INFO 1244 --- [    Test worker] o.s.b.a.e.mvc.EndpointHandlerMapping     : Mapped "{[/heapdump || /heapdump.json],methods=[GET],produces=[application/octet-stream]}" onto public void org.springframework.boot.actuate.endpoint.mvc.HeapdumpMvcEndpoint.invoke(boolean,javax.servlet.http.HttpServletRequest,javax.servlet.http.HttpServletResponse) throws java.io.IOException,javax.servlet.ServletException
2018-05-15 04:11:17.462  INFO 1244 --- [    Test worker] o.s.b.a.e.mvc.EndpointHandlerMapping     : Mapped "{[/autoconfig || /autoconfig.json],methods=[GET],produces=[application/vnd.spring-boot.actuator.v1+json || application/json]}" onto public java.lang.Object org.springframework.boot.actuate.endpoint.mvc.EndpointMvcAdapter.invoke()
2018-05-15 04:11:17.464  INFO 1244 --- [    Test worker] o.s.b.a.e.mvc.EndpointHandlerMapping     : Mapped "{[/env/{name:.*}],methods=[GET],produces=[application/vnd.spring-boot.actuator.v1+json || application/json]}" onto public java.lang.Object org.springframework.boot.actuate.endpoint.mvc.EnvironmentMvcEndpoint.value(java.lang.String)
2018-05-15 04:11:17.465  INFO 1244 --- [    Test worker] o.s.b.a.e.mvc.EndpointHandlerMapping     : Mapped "{[/env || /env.json],methods=[GET],produces=[application/vnd.spring-boot.actuator.v1+json || application/json]}" onto public java.lang.Object org.springframework.boot.actuate.endpoint.mvc.EndpointMvcAdapter.invoke()
2018-05-15 04:11:18.029  INFO 1244 --- [    Test worker] r.p.web.phone.PhoneControllerTest        : Started PhoneControllerTest in 4.855 seconds (JVM running for 29.784)
]]></system-out>
  <system-err><![CDATA[]]></system-err>
</testsuite>
