<?xml version="1.0" encoding="UTF-8"?>
<testsuite name="ru.pravvich.web.phone.PhoneControllerTest" tests="7" skipped="0" failures="0" errors="0" timestamp="2018-05-15T00:30:39" hostname="Mac-mini-Pavel.local" time="0.184">
  <properties/>
  <testcase name="whenCallListWithRegDateNullThenReturnData" classname="ru.pravvich.web.phone.PhoneControllerTest" time="0.028"/>
  <testcase name="whenCallListWithRegDateNonNullThenReturnData" classname="ru.pravvich.web.phone.PhoneControllerTest" time="0.027"/>
  <testcase name="whenUpdatePhoneThenReturnSamePhone" classname="ru.pravvich.web.phone.PhoneControllerTest" time="0.023"/>
  <testcase name="whenDelete" classname="ru.pravvich.web.phone.PhoneControllerTest" time="0.012"/>
  <testcase name="whenEquals" classname="ru.pravvich.web.phone.PhoneControllerTest" time="0.011"/>
  <testcase name="whenSavePhoneThenReturnSamePhone" classname="ru.pravvich.web.phone.PhoneControllerTest" time="0.008"/>
  <testcase name="whenCallGetThenThenGotPhone" classname="ru.pravvich.web.phone.PhoneControllerTest" time="0.011"/>
  <system-out><![CDATA[2018-05-15 03:30:33.759  INFO 949 --- [    Test worker] .b.t.c.SpringBootTestContextBootstrapper : Neither @ContextConfiguration nor @ContextHierarchy found for test class [ru.pravvich.web.phone.PhoneControllerTest], using SpringBootContextLoader
2018-05-15 03:30:33.760  INFO 949 --- [    Test worker] o.s.t.c.support.AbstractContextLoader    : Could not detect default resource locations for test class [ru.pravvich.web.phone.PhoneControllerTest]: no resource found for suffixes {-context.xml, Context.groovy}.
2018-05-15 03:30:33.761  INFO 949 --- [    Test worker] t.c.s.AnnotationConfigContextLoaderUtils : Could not detect default configuration classes for test class [ru.pravvich.web.phone.PhoneControllerTest]: PhoneControllerTest does not declare any static, non-private, non-final, nested classes annotated with @Configuration.
2018-05-15 03:30:33.817  INFO 949 --- [    Test worker] .b.t.c.SpringBootTestContextBootstrapper : Found @SpringBootConfiguration ru.pravvich.Application for test class ru.pravvich.web.phone.PhoneControllerTest
2018-05-15 03:30:33.821  INFO 949 --- [    Test worker] .b.t.c.SpringBootTestContextBootstrapper : Loaded default TestExecutionListener class names from location [META-INF/spring.factories]: [org.springframework.boot.test.autoconfigure.restdocs.RestDocsTestExecutionListener, org.springframework.boot.test.autoconfigure.web.client.MockRestServiceServerResetTestExecutionListener, org.springframework.boot.test.autoconfigure.web.servlet.MockMvcPrintOnlyOnFailureTestExecutionListener, org.springframework.boot.test.autoconfigure.web.servlet.WebDriverTestExecutionListener, org.springframework.boot.test.mock.mockito.MockitoTestExecutionListener, org.springframework.boot.test.mock.mockito.ResetMocksTestExecutionListener, org.springframework.test.context.web.ServletTestExecutionListener, org.springframework.test.context.support.DirtiesContextBeforeModesTestExecutionListener, org.springframework.test.context.support.DependencyInjectionTestExecutionListener, org.springframework.test.context.support.DirtiesContextTestExecutionListener, org.springframework.test.context.transaction.TransactionalTestExecutionListener, org.springframework.test.context.jdbc.SqlScriptsTestExecutionListener]
2018-05-15 03:30:33.837  INFO 949 --- [    Test worker] .b.t.c.SpringBootTestContextBootstrapper : Using TestExecutionListeners: [org.springframework.test.context.web.ServletTestExecutionListener@256357fc, org.springframework.test.context.support.DirtiesContextBeforeModesTestExecutionListener@4272474b, org.springframework.boot.test.autoconfigure.SpringBootDependencyInjectionTestExecutionListener@103f36b8, org.springframework.test.context.support.DirtiesContextTestExecutionListener@300aaeaa, org.springframework.test.context.transaction.TransactionalTestExecutionListener@fe9d3e0, org.springframework.test.context.jdbc.SqlScriptsTestExecutionListener@5f719549, org.springframework.boot.test.autoconfigure.restdocs.RestDocsTestExecutionListener@3612e2e9, org.springframework.boot.test.autoconfigure.web.client.MockRestServiceServerResetTestExecutionListener@5388757f, org.springframework.boot.test.autoconfigure.web.servlet.WebDriverTestExecutionListener@123fda3d, org.springframework.boot.test.mock.mockito.ResetMocksTestExecutionListener@4137ceee, org.springframework.boot.test.autoconfigure.web.servlet.MockMvcPrintOnlyOnFailureTestExecutionListener@6013698b, org.springframework.boot.test.mock.mockito.MockitoTestExecutionListener@7020cb7b]

  .   ____          _            __ _ _
 /\\ / ___'_ __ _ _(_)_ __  __ _ \ \ \ \
( ( )\___ | '_ | '_| | '_ \/ _` | \ \ \ \
 \\/  ___)| |_)| | | | | || (_| |  ) ) ) )
  '  |____| .__|_| |_|_| |_\__, | / / / /
 =========|_|==============|___/=/_/_/_/
 :: Spring Boot ::        (v1.5.9.RELEASE)

2018-05-15 03:30:33.935  INFO 949 --- [    Test worker] r.p.web.phone.PhoneControllerTest        : Starting PhoneControllerTest on Mac-mini-Pavel.local with PID 949 (started by pavel in /Users/pavel/GitHub/account-manager-server)
2018-05-15 03:30:33.936  INFO 949 --- [    Test worker] r.p.web.phone.PhoneControllerTest        : No active profile set, falling back to default profiles: default
2018-05-15 03:30:33.945  INFO 949 --- [    Test worker] o.s.w.c.s.GenericWebApplicationContext   : Refreshing org.springframework.web.context.support.GenericWebApplicationContext@51a58560: startup date [Tue May 15 03:30:33 MSK 2018]; root of context hierarchy
2018-05-15 03:30:35.574  INFO 949 --- [    Test worker] j.LocalContainerEntityManagerFactoryBean : Building JPA container EntityManagerFactory for persistence unit 'default'
2018-05-15 03:30:35.574  INFO 949 --- [    Test worker] o.hibernate.jpa.internal.util.LogHelper  : HHH000204: Processing PersistenceUnitInfo [
	name: default
	...]
2018-05-15 03:30:35.587  INFO 949 --- [    Test worker] org.hibernate.dialect.Dialect            : HHH000400: Using dialect: org.hibernate.dialect.PostgreSQLDialect
2018-05-15 03:30:35.768  INFO 949 --- [    Test worker] o.h.e.j.e.i.LobCreatorBuilderImpl        : HHH000424: Disabling contextual LOB creation as createClob() method threw error : java.lang.reflect.InvocationTargetException
2018-05-15 03:30:35.769  INFO 949 --- [    Test worker] org.hibernate.type.BasicTypeRegistry     : HHH000270: Type registration [java.util.UUID] overrides previous : org.hibernate.type.UUIDBinaryType@3ac06325
2018-05-15 03:30:35.921  WARN 949 --- [    Test worker] o.h.j.i.EntityManagerFactoryRegistry     : HHH000436: Entity manager factory name (default) is already registered.  If entity manager will be clustered or passivated, specify a unique value for property 'hibernate.ejb.entitymanager_factory_name'
2018-05-15 03:30:35.921  INFO 949 --- [    Test worker] j.LocalContainerEntityManagerFactoryBean : Initialized JPA EntityManagerFactory for persistence unit 'default'
2018-05-15 03:30:36.744  INFO 949 --- [    Test worker] o.h.h.i.QueryTranslatorFactoryInitiator  : HHH000397: Using ASTQueryTranslatorFactory
2018-05-15 03:30:37.284  INFO 949 --- [    Test worker] o.s.s.web.DefaultSecurityFilterChain     : Creating filter chain: org.springframework.security.web.util.matcher.AnyRequestMatcher@1, [org.springframework.security.web.context.request.async.WebAsyncManagerIntegrationFilter@3a69c69e, org.springframework.security.web.context.SecurityContextPersistenceFilter@625f446, org.springframework.security.web.header.HeaderWriterFilter@6f8b8e70, org.springframework.web.filter.CorsFilter@eed134b, org.springframework.security.web.authentication.logout.LogoutFilter@2b7c0ca7, org.springframework.security.web.authentication.UsernamePasswordAuthenticationFilter@24308977, org.springframework.security.web.session.ConcurrentSessionFilter@40ca8d6c, org.springframework.security.web.savedrequest.RequestCacheAwareFilter@356e02fc, org.springframework.security.web.servletapi.SecurityContextHolderAwareRequestFilter@3f4947cf, org.springframework.security.web.authentication.AnonymousAuthenticationFilter@4bdd3d0c, org.springframework.security.web.session.SessionManagementFilter@7d5efe60, org.springframework.security.web.access.ExceptionTranslationFilter@12aa907b, org.springframework.security.web.access.intercept.FilterSecurityInterceptor@927b2fa]
2018-05-15 03:30:37.302  INFO 949 --- [    Test worker] o.s.s.web.DefaultSecurityFilterChain     : Creating filter chain: org.springframework.boot.actuate.autoconfigure.ManagementWebSecurityAutoConfiguration$LazyEndpointPathRequestMatcher@1f9f5275, [org.springframework.security.web.context.request.async.WebAsyncManagerIntegrationFilter@388ffa71, org.springframework.security.web.context.SecurityContextPersistenceFilter@63eba7a4, org.springframework.security.web.header.HeaderWriterFilter@7dbc1831, org.springframework.web.filter.CorsFilter@16598d8b, org.springframework.security.web.authentication.logout.LogoutFilter@29920151, org.springframework.security.web.authentication.www.BasicAuthenticationFilter@308770ed, org.springframework.security.web.savedrequest.RequestCacheAwareFilter@32c7b1f5, org.springframework.security.web.servletapi.SecurityContextHolderAwareRequestFilter@2fa74a0c, org.springframework.security.web.authentication.AnonymousAuthenticationFilter@1d5297b5, org.springframework.security.web.session.SessionManagementFilter@48d9cd44, org.springframework.security.web.access.ExceptionTranslationFilter@6c07af5b, org.springframework.security.web.access.intercept.FilterSecurityInterceptor@727b9063]
2018-05-15 03:30:37.682  INFO 949 --- [    Test worker] s.w.s.m.m.a.RequestMappingHandlerAdapter : Looking for @ControllerAdvice: org.springframework.web.context.support.GenericWebApplicationContext@51a58560: startup date [Tue May 15 03:30:33 MSK 2018]; root of context hierarchy
2018-05-15 03:30:37.728  INFO 949 --- [    Test worker] r.pravvich.config.api.RestApiConfig$1$1  : Mapped "{[/rest/phone/get],methods=[GET]}" onto public ru.pravvich.web.phone.PhoneRest ru.pravvich.web.phone.PhoneController.get(int)
2018-05-15 03:30:37.732  INFO 949 --- [    Test worker] r.pravvich.config.api.RestApiConfig$1$1  : Mapped "{[/rest/phone/update],methods=[POST]}" onto public ru.pravvich.web.phone.PhoneRest ru.pravvich.web.phone.PhoneController.update(ru.pravvich.web.phone.PhoneRest)
2018-05-15 03:30:37.734  INFO 949 --- [    Test worker] r.pravvich.config.api.RestApiConfig$1$1  : Mapped "{[/rest/phone/delete],methods=[POST]}" onto public void ru.pravvich.web.phone.PhoneController.delete(int)
2018-05-15 03:30:37.736  INFO 949 --- [    Test worker] r.pravvich.config.api.RestApiConfig$1$1  : Mapped "{[/rest/phone/list],methods=[GET]}" onto public ru.pravvich.web.common.RestList ru.pravvich.web.phone.PhoneController.list(java.lang.Integer,java.lang.Integer,java.lang.Integer,java.lang.String,java.lang.String,java.lang.String,java.lang.String,java.lang.String,java.lang.String,java.lang.Long,java.lang.Long)
2018-05-15 03:30:37.738  INFO 949 --- [    Test worker] r.pravvich.config.api.RestApiConfig$1$1  : Mapped "{[/rest/phone/save],methods=[POST]}" onto public ru.pravvich.web.phone.PhoneRest ru.pravvich.web.phone.PhoneController.save(ru.pravvich.web.phone.PhoneRest)
2018-05-15 03:30:37.743  INFO 949 --- [    Test worker] r.pravvich.config.api.RestApiConfig$1$1  : Mapped "{[/rest/social_account/get],methods=[GET]}" onto public ru.pravvich.web.social.SocialAccountRest ru.pravvich.web.social.SocialAccountController.get(int)
2018-05-15 03:30:37.744  INFO 949 --- [    Test worker] r.pravvich.config.api.RestApiConfig$1$1  : Mapped "{[/rest/social_account/update],methods=[POST]}" onto public ru.pravvich.web.social.SocialAccountRest ru.pravvich.web.social.SocialAccountController.update(ru.pravvich.web.social.SocialAccountRest)
2018-05-15 03:30:37.747  INFO 949 --- [    Test worker] r.pravvich.config.api.RestApiConfig$1$1  : Mapped "{[/rest/social_account/delete],methods=[POST]}" onto public void ru.pravvich.web.social.SocialAccountController.delete(int)
2018-05-15 03:30:37.750  INFO 949 --- [    Test worker] r.pravvich.config.api.RestApiConfig$1$1  : Mapped "{[/rest/social_account/list],methods=[GET]}" onto public ru.pravvich.web.common.RestList ru.pravvich.web.social.SocialAccountController.list(java.lang.Integer,java.lang.Integer,java.lang.Integer,java.lang.String,java.lang.String,java.lang.String,java.lang.String,java.lang.String,java.lang.Integer,java.lang.Integer,java.lang.Long,java.lang.Long)
2018-05-15 03:30:37.752  INFO 949 --- [    Test worker] r.pravvich.config.api.RestApiConfig$1$1  : Mapped "{[/rest/social_account/save],methods=[POST]}" onto public ru.pravvich.web.social.SocialAccountRest ru.pravvich.web.social.SocialAccountController.save(ru.pravvich.web.social.SocialAccountRest)
2018-05-15 03:30:37.755  INFO 949 --- [    Test worker] r.pravvich.config.api.RestApiConfig$1$1  : Mapped "{[/rest/user/logout],methods=[POST]}" onto public void ru.pravvich.web.user.UserController.logout(ru.pravvich.web.user.UserRest)
2018-05-15 03:30:37.756  INFO 949 --- [    Test worker] r.pravvich.config.api.RestApiConfig$1$1  : Mapped "{[/rest/user/is_logged],methods=[GET]}" onto public java.lang.Boolean ru.pravvich.web.user.UserController.isLoggedIn()
2018-05-15 03:30:37.757  INFO 949 --- [    Test worker] r.pravvich.config.api.RestApiConfig$1$1  : Mapped "{[/rest/user/registration],methods=[POST]}" onto public ru.pravvich.web.user.UserRest ru.pravvich.web.user.UserController.registration(ru.pravvich.web.user.UserRest)
2018-05-15 03:30:37.765  INFO 949 --- [    Test worker] r.pravvich.config.api.RestApiConfig$1$1  : Mapped "{[/rest/vds/get],methods=[GET]}" onto public ru.pravvich.web.vds.VdsRest ru.pravvich.web.vds.VdsController.get(int)
2018-05-15 03:30:37.766  INFO 949 --- [    Test worker] r.pravvich.config.api.RestApiConfig$1$1  : Mapped "{[/rest/vds/update],methods=[POST]}" onto public ru.pravvich.web.vds.VdsRest ru.pravvich.web.vds.VdsController.update(ru.pravvich.web.vds.VdsRest)
2018-05-15 03:30:37.767  INFO 949 --- [    Test worker] r.pravvich.config.api.RestApiConfig$1$1  : Mapped "{[/rest/vds/delete],methods=[POST]}" onto public void ru.pravvich.web.vds.VdsController.delete(int)
2018-05-15 03:30:37.768  INFO 949 --- [    Test worker] r.pravvich.config.api.RestApiConfig$1$1  : Mapped "{[/rest/vds/list],methods=[GET]}" onto public ru.pravvich.web.common.RestList ru.pravvich.web.vds.VdsController.list(java.lang.Integer,java.lang.Integer,java.lang.String,java.lang.Integer,java.lang.String,java.lang.String,java.lang.String,java.lang.Boolean,java.lang.Long,java.lang.Long)
2018-05-15 03:30:37.769  INFO 949 --- [    Test worker] r.pravvich.config.api.RestApiConfig$1$1  : Mapped "{[/rest/vds/save],methods=[POST]}" onto public ru.pravvich.web.vds.VdsRest ru.pravvich.web.vds.VdsController.save(ru.pravvich.web.vds.VdsRest)
2018-05-15 03:30:37.779  INFO 949 --- [    Test worker] r.pravvich.config.api.RestApiConfig$1$1  : Mapped "{[/error]}" onto public org.springframework.http.ResponseEntity<java.util.Map<java.lang.String, java.lang.Object>> org.springframework.boot.autoconfigure.web.BasicErrorController.error(javax.servlet.http.HttpServletRequest)
2018-05-15 03:30:37.782  INFO 949 --- [    Test worker] r.pravvich.config.api.RestApiConfig$1$1  : Mapped "{[/error],produces=[text/html]}" onto public org.springframework.web.servlet.ModelAndView org.springframework.boot.autoconfigure.web.BasicErrorController.errorHtml(javax.servlet.http.HttpServletRequest,javax.servlet.http.HttpServletResponse)
2018-05-15 03:30:37.864  INFO 949 --- [    Test worker] o.s.w.s.handler.SimpleUrlHandlerMapping  : Mapped URL path [/webjars/**] onto handler of type [class org.springframework.web.servlet.resource.ResourceHttpRequestHandler]
2018-05-15 03:30:37.864  INFO 949 --- [    Test worker] o.s.w.s.handler.SimpleUrlHandlerMapping  : Mapped URL path [/**] onto handler of type [class org.springframework.web.servlet.resource.ResourceHttpRequestHandler]
2018-05-15 03:30:37.947  INFO 949 --- [    Test worker] o.s.w.s.handler.SimpleUrlHandlerMapping  : Mapped URL path [/**/favicon.ico] onto handler of type [class org.springframework.web.servlet.resource.ResourceHttpRequestHandler]
2018-05-15 03:30:39.004  INFO 949 --- [    Test worker] o.s.b.a.e.mvc.EndpointHandlerMapping     : Mapped "{[/metrics/{name:.*}],methods=[GET],produces=[application/vnd.spring-boot.actuator.v1+json || application/json]}" onto public java.lang.Object org.springframework.boot.actuate.endpoint.mvc.MetricsMvcEndpoint.value(java.lang.String)
2018-05-15 03:30:39.005  INFO 949 --- [    Test worker] o.s.b.a.e.mvc.EndpointHandlerMapping     : Mapped "{[/metrics || /metrics.json],methods=[GET],produces=[application/vnd.spring-boot.actuator.v1+json || application/json]}" onto public java.lang.Object org.springframework.boot.actuate.endpoint.mvc.EndpointMvcAdapter.invoke()
2018-05-15 03:30:39.008  INFO 949 --- [    Test worker] o.s.b.a.e.mvc.EndpointHandlerMapping     : Mapped "{[/autoconfig || /autoconfig.json],methods=[GET],produces=[application/vnd.spring-boot.actuator.v1+json || application/json]}" onto public java.lang.Object org.springframework.boot.actuate.endpoint.mvc.EndpointMvcAdapter.invoke()
2018-05-15 03:30:39.010  INFO 949 --- [    Test worker] o.s.b.a.e.mvc.EndpointHandlerMapping     : Mapped "{[/info || /info.json],methods=[GET],produces=[application/vnd.spring-boot.actuator.v1+json || application/json]}" onto public java.lang.Object org.springframework.boot.actuate.endpoint.mvc.EndpointMvcAdapter.invoke()
2018-05-15 03:30:39.011  INFO 949 --- [    Test worker] o.s.b.a.e.mvc.EndpointHandlerMapping     : Mapped "{[/dump || /dump.json],methods=[GET],produces=[application/vnd.spring-boot.actuator.v1+json || application/json]}" onto public java.lang.Object org.springframework.boot.actuate.endpoint.mvc.EndpointMvcAdapter.invoke()
2018-05-15 03:30:39.013  INFO 949 --- [    Test worker] o.s.b.a.e.mvc.EndpointHandlerMapping     : Mapped "{[/health || /health.json],methods=[GET],produces=[application/vnd.spring-boot.actuator.v1+json || application/json]}" onto public java.lang.Object org.springframework.boot.actuate.endpoint.mvc.HealthMvcEndpoint.invoke(javax.servlet.http.HttpServletRequest,java.security.Principal)
2018-05-15 03:30:39.014  INFO 949 --- [    Test worker] o.s.b.a.e.mvc.EndpointHandlerMapping     : Mapped "{[/trace || /trace.json],methods=[GET],produces=[application/vnd.spring-boot.actuator.v1+json || application/json]}" onto public java.lang.Object org.springframework.boot.actuate.endpoint.mvc.EndpointMvcAdapter.invoke()
2018-05-15 03:30:39.016  INFO 949 --- [    Test worker] o.s.b.a.e.mvc.EndpointHandlerMapping     : Mapped "{[/loggers/{name:.*}],methods=[GET],produces=[application/vnd.spring-boot.actuator.v1+json || application/json]}" onto public java.lang.Object org.springframework.boot.actuate.endpoint.mvc.LoggersMvcEndpoint.get(java.lang.String)
2018-05-15 03:30:39.017  INFO 949 --- [    Test worker] o.s.b.a.e.mvc.EndpointHandlerMapping     : Mapped "{[/loggers/{name:.*}],methods=[POST],consumes=[application/vnd.spring-boot.actuator.v1+json || application/json],produces=[application/vnd.spring-boot.actuator.v1+json || application/json]}" onto public java.lang.Object org.springframework.boot.actuate.endpoint.mvc.LoggersMvcEndpoint.set(java.lang.String,java.util.Map<java.lang.String, java.lang.String>)
2018-05-15 03:30:39.018  INFO 949 --- [    Test worker] o.s.b.a.e.mvc.EndpointHandlerMapping     : Mapped "{[/loggers || /loggers.json],methods=[GET],produces=[application/vnd.spring-boot.actuator.v1+json || application/json]}" onto public java.lang.Object org.springframework.boot.actuate.endpoint.mvc.EndpointMvcAdapter.invoke()
2018-05-15 03:30:39.019  INFO 949 --- [    Test worker] o.s.b.a.e.mvc.EndpointHandlerMapping     : Mapped "{[/mappings || /mappings.json],methods=[GET],produces=[application/vnd.spring-boot.actuator.v1+json || application/json]}" onto public java.lang.Object org.springframework.boot.actuate.endpoint.mvc.EndpointMvcAdapter.invoke()
2018-05-15 03:30:39.021  INFO 949 --- [    Test worker] o.s.b.a.e.mvc.EndpointHandlerMapping     : Mapped "{[/heapdump || /heapdump.json],methods=[GET],produces=[application/octet-stream]}" onto public void org.springframework.boot.actuate.endpoint.mvc.HeapdumpMvcEndpoint.invoke(boolean,javax.servlet.http.HttpServletRequest,javax.servlet.http.HttpServletResponse) throws java.io.IOException,javax.servlet.ServletException
2018-05-15 03:30:39.028  INFO 949 --- [    Test worker] o.s.b.a.e.mvc.EndpointHandlerMapping     : Mapped "{[/configprops || /configprops.json],methods=[GET],produces=[application/vnd.spring-boot.actuator.v1+json || application/json]}" onto public java.lang.Object org.springframework.boot.actuate.endpoint.mvc.EndpointMvcAdapter.invoke()
2018-05-15 03:30:39.033  INFO 949 --- [    Test worker] o.s.b.a.e.mvc.EndpointHandlerMapping     : Mapped "{[/auditevents || /auditevents.json],methods=[GET],produces=[application/vnd.spring-boot.actuator.v1+json || application/json]}" onto public org.springframework.http.ResponseEntity<?> org.springframework.boot.actuate.endpoint.mvc.AuditEventsMvcEndpoint.findByPrincipalAndAfterAndType(java.lang.String,java.util.Date,java.lang.String)
2018-05-15 03:30:39.035  INFO 949 --- [    Test worker] o.s.b.a.e.mvc.EndpointHandlerMapping     : Mapped "{[/beans || /beans.json],methods=[GET],produces=[application/vnd.spring-boot.actuator.v1+json || application/json]}" onto public java.lang.Object org.springframework.boot.actuate.endpoint.mvc.EndpointMvcAdapter.invoke()
2018-05-15 03:30:39.036  INFO 949 --- [    Test worker] o.s.b.a.e.mvc.EndpointHandlerMapping     : Mapped "{[/env/{name:.*}],methods=[GET],produces=[application/vnd.spring-boot.actuator.v1+json || application/json]}" onto public java.lang.Object org.springframework.boot.actuate.endpoint.mvc.EnvironmentMvcEndpoint.value(java.lang.String)
2018-05-15 03:30:39.038  INFO 949 --- [    Test worker] o.s.b.a.e.mvc.EndpointHandlerMapping     : Mapped "{[/env || /env.json],methods=[GET],produces=[application/vnd.spring-boot.actuator.v1+json || application/json]}" onto public java.lang.Object org.springframework.boot.actuate.endpoint.mvc.EndpointMvcAdapter.invoke()
2018-05-15 03:30:39.693  INFO 949 --- [    Test worker] r.p.web.phone.PhoneControllerTest        : Started PhoneControllerTest in 5.84 seconds (JVM running for 31.966)
]]></system-out>
  <system-err><![CDATA[]]></system-err>
</testsuite>
